<?xml version="1.0" encoding="UTF-8" ?>
<testsuites>
  <testsuite errors="0" failures="0" hostname="S4KYDP6" id="0" name="DeliveryDataCourseCatalog" package="AIRBUBS_XLAS_JENKINS.CourseCatalog" tests="1" time="193.939" timestamp="2016-03-30T11:49:37">
      <properties>
[...]
</properties>

      <testcase classname="AIRBUBS_XLAS_JENKINS.CourseCatalog.DeliveryDataCourseCatalog" name="DeliveryData" time="193.868" />

      <system-out><![CDATA[CATALOG-177395 Course Catalog has been created and sent to Pending Delivery Data
]]></system-out>

      <system-err><![CDATA[]]></system-err>

  </testsuite>
  <testsuite errors="0" failures="0" hostname="S4KYDP6" id="1" name="StandardCourseCatalogCreation" package="AIRBUBS_XLAS_JENKINS.CourseCatalog" tests="1" time="191.874" timestamp="2016-03-30T12:05:06">
      <properties>
[...]
</properties>

      <testcase classname="AIRBUBS_XLAS_JENKINS.CourseCatalog.StandardCourseCatalogCreation" name="CourseStandard" time="191.794" />

      <system-out><![CDATA[CATALOG-177396 Course Catalog has been created and sent to Active
]]></system-out>

      <system-err><![CDATA[]]></system-err>

  </testsuite>
  <testsuite errors="0" failures="0" hostname="S4KYDP6" id="2" name="UrgentCourseCatalog" package="AIRBUBS_XLAS_JENKINS.CourseCatalog" tests="1" time="160.003" timestamp="2016-03-30T12:26:13">
      <properties>
[...]
</properties>

      <testcase classname="AIRBUBS_XLAS_JENKINS.CourseCatalog.UrgentCourseCatalog" name="UrgentCourse" time="159.955" />

      <system-out><![CDATA[CATALOG-177402 Course Catalog has been created and sent to Active
]]></system-out>

      <system-err><![CDATA[]]></system-err>

  </testsuite>
  <testsuite errors="0" failures="0" hostname="S4KYDP6" id="3" name="UrgentDeliveryDataCourseCatalog" package="AIRBUBS_XLAS_JENKINS.CourseCatalog" tests="1" time="155.93" timestamp="2016-03-30T12:08:33">
      <properties>
[...]
</properties>

      <testcase classname="AIRBUBS_XLAS_JENKINS.CourseCatalog.UrgentDeliveryDataCourseCatalog" name="UrgentDeliveryData" time="155.899" />

      <system-out><![CDATA[CATALOG-177397 Course Catalog has been created and sent to Pending Delivery Data
]]></system-out>

      <system-err><![CDATA[]]></system-err>

  </testsuite>
  <testsuite errors="0" failures="0" hostname="S4KYDP6" id="4" name="ValidationCourseCatalog" package="AIRBUBS_XLAS_JENKINS.CourseCatalog" tests="1" time="205.603" timestamp="2016-03-30T12:57:24">
      <properties>
[...]
</properties>

      <testcase classname="AIRBUBS_XLAS_JENKINS.CourseCatalog.ValidationCourseCatalog" name="ValidationCourse" time="205.509" />

      <system-out><![CDATA[CATALOG-177417 Course Catalog has been created and sent to Active
]]></system-out>

      <system-err><![CDATA[]]></system-err>

  </testsuite>
  <testsuite errors="0" failures="0" hostname="S4KYDP6" id="5" name="StandardCourseModificationRequest" package="AIRBUBS_XLAS_JENKINS.CourseModificationRequest" tests="1" time="277.872" timestamp="2016-03-30T12:21:18">
      <properties>
[...]
</properties>

      <testcase classname="AIRBUBS_XLAS_JENKINS.CourseModificationRequest.StandardCourseModificationRequest" name="CourseModificationRequest" time="277.815" />

      <system-out><![CDATA[CATALOG-177401 Course Modification Request has been created and sent to Completed, Pending for Synchronization
]]></system-out>

      <system-err><![CDATA[]]></system-err>

  </testsuite>
  <testsuite errors="0" failures="0" hostname="S4KYDP6" id="6" name="ValidationCourseModificationRequest" package="AIRBUBS_XLAS_JENKINS.CourseModificationRequest" tests="1" time="305.095" timestamp="2016-03-30T12:11:24">
      <properties>
[...]
</properties>

      <testcase classname="AIRBUBS_XLAS_JENKINS.CourseModificationRequest.ValidationCourseModificationRequest" name="ValidateCourseModificationRequest" time="305.044" />

      <system-out><![CDATA[CATALOG-177398 Course Modification Request has been created and sent to Completed, Pending for Synchronization
]]></system-out>

      <system-err><![CDATA[]]></system-err>

  </testsuite>
  <testsuite errors="0" failures="0" hostname="S4KYDP6" id="7" name="CustomTask" package="AIRBUBS_XLAS_JENKINS.CustomTask" tests="1" time="66.334" timestamp="2016-03-30T08:42:05">
      <properties>
[...]
</properties>

      <testcase classname="AIRBUBS_XLAS_JENKINS.CustomTask.CustomTask" name="CustomTaskCreation" time="66.172" />

      <system-out><![CDATA[CT-48 Course Catalog has been created and sent to Completed
]]></system-out>

      <system-err><![CDATA[]]></system-err>

  </testsuite>
  <testsuite errors="1" failures="0" hostname="S4KYDP6" id="8" name="SessionCatalogCancellation" package="AIRBUBS_XLAS_JENKINS.SessionCatalog" tests="1" time="372.852" timestamp="2016-03-30T13:07:31">
      <properties>
[...]
</properties>

      <testcase classname="AIRBUBS_XLAS_JENKINS.SessionCatalog.SessionCatalogCancellation" name="SessionCatalogCancellationExecution" time="370.078">
          <error message="Element is not clickable at point (410, 146). Other element would receive the click: &lt;div class=&quot;aui-blanket&quot;&gt;&lt;/div&gt;&#xa;Command duration or timeout: 87 milliseconds&#xa;Build info: version: &apos;2.52.0&apos;, revision: &apos;4c2593c&apos;, time: &apos;2016-02-11 19:03:33&apos;&#xa;System info: host: &apos;S4KYDP6&apos;, ip: &apos;172.30.223.134&apos;, os.name: &apos;Windows 7&apos;, os.arch: &apos;x86&apos;, os.version: &apos;6.1&apos;, java.version: &apos;1.8.0_77&apos;&#xa;Driver info: org.openqa.selenium.firefox.FirefoxDriver&#xa;Capabilities [{applicationCacheEnabled=true, rotatable=false, handlesAlerts=true, databaseEnabled=true, version=45.0.1, platform=WINDOWS, nativeEvents=false, acceptSslCerts=true, webStorageEnabled=true, locationContextEnabled=true, browserName=firefox, takesScreenshot=true, javascriptEnabled=true, cssSelectorsEnabled=true}]&#xa;Session ID: e85f9940-2a67-4d8a-9b7f-9c43804abade" type="org.openqa.selenium.WebDriverException">org.openqa.selenium.WebDriverException: Element is not clickable at point (410, 146). Other element would receive the click: &lt;div class=&quot;aui-blanket&quot;&gt;&lt;/div&gt;
Command duration or timeout: 87 milliseconds
Build info: version: &apos;2.52.0&apos;, revision: &apos;4c2593c&apos;, time: &apos;2016-02-11 19:03:33&apos;
System info: host: &apos;S4KYDP6&apos;, ip: &apos;172.30.223.134&apos;, os.name: &apos;Windows 7&apos;, os.arch: &apos;x86&apos;, os.version: &apos;6.1&apos;, java.version: &apos;1.8.0_77&apos;
Driver info: org.openqa.selenium.firefox.FirefoxDriver
Capabilities [{applicationCacheEnabled=true, rotatable=false, handlesAlerts=true, databaseEnabled=true, version=45.0.1, platform=WINDOWS, nativeEvents=false, acceptSslCerts=true, webStorageEnabled=true, locationContextEnabled=true, browserName=firefox, takesScreenshot=true, javascriptEnabled=true, cssSelectorsEnabled=true}]
Session ID: e85f9940-2a67-4d8a-9b7f-9c43804abade
	at java.lang.reflect.Constructor.newInstance(Unknown Source)
	at org.openqa.selenium.remote.ErrorHandler.createThrowable(ErrorHandler.java:206)
	at org.openqa.selenium.remote.ErrorHandler.throwIfResponseFailed(ErrorHandler.java:158)
	at org.openqa.selenium.remote.RemoteWebDriver.execute(RemoteWebDriver.java:678)
	at org.openqa.selenium.remote.RemoteWebElement.execute(RemoteWebElement.java:327)
	at org.openqa.selenium.remote.RemoteWebElement.click(RemoteWebElement.java:85)
	at AIRBUBS_XLAS_JENKINS.SessionCatalog.SessionCatalogTemplate.SessionWCancellation(SessionCatalogTemplate.java:206)
	at AIRBUBS_XLAS_JENKINS.SessionCatalog.SessionCatalogTemplate.SessionCatalogExecution(SessionCatalogTemplate.java:124)
	at AIRBUBS_XLAS_JENKINS.SessionCatalog.SessionCatalogCancellation.SessionCatalogCancellationExecution(SessionCatalogCancellation.java:51)
</error>

      </testcase>

      <system-out><![CDATA[]]></system-out>

      <system-err><![CDATA[]]></system-err>

  </testsuite>
  <testsuite errors="1" failures="0" hostname="S4KYDP6" id="9" name="SessionCatalogCompleted" package="AIRBUBS_XLAS_JENKINS.SessionCatalog" tests="1" time="142.646" timestamp="2016-03-30T12:50:18">
      <properties>
[...]
</properties>

      <testcase classname="AIRBUBS_XLAS_JENKINS.SessionCatalog.SessionCatalogCompleted" name="SessionCatalog" time="142.607">
          <error message="Element is not clickable at point (282.5, 336). Other element would receive the click: &lt;td class=&quot;CaptionTD&quot;&gt;&lt;/td&gt;&#xa;Command duration or timeout: 762 milliseconds&#xa;Build info: version: &apos;2.52.0&apos;, revision: &apos;4c2593c&apos;, time: &apos;2016-02-11 19:03:33&apos;&#xa;System info: host: &apos;S4KYDP6&apos;, ip: &apos;172.30.223.134&apos;, os.name: &apos;Windows 7&apos;, os.arch: &apos;x86&apos;, os.version: &apos;6.1&apos;, java.version: &apos;1.8.0_74&apos;&#xa;Driver info: org.openqa.selenium.firefox.FirefoxDriver&#xa;Capabilities [{applicationCacheEnabled=true, rotatable=false, handlesAlerts=true, databaseEnabled=true, version=45.0.1, platform=WINDOWS, nativeEvents=false, acceptSslCerts=true, webStorageEnabled=true, locationContextEnabled=true, browserName=firefox, takesScreenshot=true, javascriptEnabled=true, cssSelectorsEnabled=true}]&#xa;Session ID: 862dd0c1-cc88-4dd4-a0d5-0f64a061fc91" type="org.openqa.selenium.WebDriverException">org.openqa.selenium.WebDriverException: Element is not clickable at point (282.5, 336). Other element would receive the click: &lt;td class=&quot;CaptionTD&quot;&gt;&lt;/td&gt;
Command duration or timeout: 762 milliseconds
Build info: version: &apos;2.52.0&apos;, revision: &apos;4c2593c&apos;, time: &apos;2016-02-11 19:03:33&apos;
System info: host: &apos;S4KYDP6&apos;, ip: &apos;172.30.223.134&apos;, os.name: &apos;Windows 7&apos;, os.arch: &apos;x86&apos;, os.version: &apos;6.1&apos;, java.version: &apos;1.8.0_74&apos;
Driver info: org.openqa.selenium.firefox.FirefoxDriver
Capabilities [{applicationCacheEnabled=true, rotatable=false, handlesAlerts=true, databaseEnabled=true, version=45.0.1, platform=WINDOWS, nativeEvents=false, acceptSslCerts=true, webStorageEnabled=true, locationContextEnabled=true, browserName=firefox, takesScreenshot=true, javascriptEnabled=true, cssSelectorsEnabled=true}]
Session ID: 862dd0c1-cc88-4dd4-a0d5-0f64a061fc91
	at java.lang.reflect.Constructor.newInstance(Constructor.java:423)
	at org.openqa.selenium.remote.ErrorHandler.createThrowable(ErrorHandler.java:206)
	at org.openqa.selenium.remote.ErrorHandler.throwIfResponseFailed(ErrorHandler.java:158)
	at org.openqa.selenium.remote.RemoteWebDriver.execute(RemoteWebDriver.java:678)
	at org.openqa.selenium.remote.RemoteWebElement.execute(RemoteWebElement.java:327)
	at org.openqa.selenium.remote.RemoteWebElement.click(RemoteWebElement.java:85)
	at AIRBUBS_XLAS_JENKINS.CourseCatalog.CourseCatalogTemplate.ResourcesTab(CourseCatalogTemplate.java:212)
	at AIRBUBS_XLAS_JENKINS.SessionCatalog.SessionCatalogCompleted.SessionCatalog(SessionCatalogCompleted.java:28)
</error>

      </testcase>

      <system-out><![CDATA[]]></system-out>

      <system-err><![CDATA[]]></system-err>

  </testsuite>
  <testsuite errors="1" failures="0" hostname="S4KYDP6" id="10" name="SessionModificationRequest" package="AIRBUBS_XLAS_JENKINS.SessionCatalog" tests="1" time="276.295" timestamp="2016-03-30T12:00:13">
      <properties>
[...]
</properties>

      <testcase classname="AIRBUBS_XLAS_JENKINS.SessionCatalog.SessionModificationRequest" name="SessionModificationRequestCreation" time="276.158">
          <error message="Element is not currently visible and so may not be interacted with&#xa;Command duration or timeout: 200.08 seconds&#xa;Build info: version: &apos;2.52.0&apos;, revision: &apos;4c2593c&apos;, time: &apos;2016-02-11 19:03:33&apos;&#xa;System info: host: &apos;S4KYDP6&apos;, ip: &apos;172.30.223.134&apos;, os.name: &apos;Windows 7&apos;, os.arch: &apos;x86&apos;, os.version: &apos;6.1&apos;, java.version: &apos;1.8.0_74&apos;&#xa;Driver info: org.openqa.selenium.firefox.FirefoxDriver&#xa;Capabilities [{applicationCacheEnabled=true, rotatable=false, handlesAlerts=true, databaseEnabled=true, version=45.0.1, platform=WINDOWS, nativeEvents=false, acceptSslCerts=true, webStorageEnabled=true, locationContextEnabled=true, browserName=firefox, takesScreenshot=true, javascriptEnabled=true, cssSelectorsEnabled=true}]&#xa;Session ID: af1d05a1-19b9-4b92-b7d4-1541b7c534a0" type="org.openqa.selenium.ElementNotVisibleException">org.openqa.selenium.ElementNotVisibleException: Element is not currently visible and so may not be interacted with
Command duration or timeout: 200.08 seconds
Build info: version: &apos;2.52.0&apos;, revision: &apos;4c2593c&apos;, time: &apos;2016-02-11 19:03:33&apos;
System info: host: &apos;S4KYDP6&apos;, ip: &apos;172.30.223.134&apos;, os.name: &apos;Windows 7&apos;, os.arch: &apos;x86&apos;, os.version: &apos;6.1&apos;, java.version: &apos;1.8.0_74&apos;
Driver info: org.openqa.selenium.firefox.FirefoxDriver
Capabilities [{applicationCacheEnabled=true, rotatable=false, handlesAlerts=true, databaseEnabled=true, version=45.0.1, platform=WINDOWS, nativeEvents=false, acceptSslCerts=true, webStorageEnabled=true, locationContextEnabled=true, browserName=firefox, takesScreenshot=true, javascriptEnabled=true, cssSelectorsEnabled=true}]
Session ID: af1d05a1-19b9-4b92-b7d4-1541b7c534a0
	at java.lang.reflect.Constructor.newInstance(Constructor.java:423)
	at org.openqa.selenium.remote.ErrorHandler.createThrowable(ErrorHandler.java:206)
	at org.openqa.selenium.remote.ErrorHandler.throwIfResponseFailed(ErrorHandler.java:158)
	at org.openqa.selenium.remote.RemoteWebDriver.execute(RemoteWebDriver.java:678)
	at org.openqa.selenium.remote.RemoteWebElement.execute(RemoteWebElement.java:327)
	at org.openqa.selenium.remote.RemoteWebElement.click(RemoteWebElement.java:85)
	at org.openqa.selenium.support.ui.Select.setSelected(Select.java:323)
	at org.openqa.selenium.support.ui.Select.selectByVisibleText(Select.java:119)
	at AIRBUBS_XLAS_JENKINS.CourseCatalog.CourseCatalogTemplate.ResourcesTab(CourseCatalogTemplate.java:214)
	at AIRBUBS_XLAS_JENKINS.SessionCatalog.SessionModificationRequest.SessionModificationRequestCreation(SessionModificationRequest.java:26)
Caused by: org.openqa.selenium.ElementNotVisibleException: Element is not currently visible and so may not be interacted with
Build info: version: &apos;2.52.0&apos;, revision: &apos;4c2593c&apos;, time: &apos;2016-02-11 19:03:33&apos;
System info: host: &apos;S4KYDP6&apos;, ip: &apos;172.30.223.134&apos;, os.name: &apos;Windows 7&apos;, os.arch: &apos;x86&apos;, os.version: &apos;6.1&apos;, java.version: &apos;1.8.0_74&apos;
Driver info: driver.version: unknown
	at &lt;anonymous class&gt;.fxdriver.preconditions.visible(file:///C:/Windows/TEMP/anonymous5185558195345143784webdriver-profile/extensions/fxdriver@googlecode.com/components/command-processor.js:10045)
	at &lt;anonymous class&gt;.DelayedCommand.prototype.checkPreconditions_(file:///C:/Windows/TEMP/anonymous5185558195345143784webdriver-profile/extensions/fxdriver@googlecode.com/components/command-processor.js:12597)
	at &lt;anonymous class&gt;.DelayedCommand.prototype.executeInternal_/h(file:///C:/Windows/TEMP/anonymous5185558195345143784webdriver-profile/extensions/fxdriver@googlecode.com/components/command-processor.js:12614)
	at &lt;anonymous class&gt;.fxdriver.Timer.prototype.setTimeout/&lt;.notify(file:///C:/Windows/TEMP/anonymous5185558195345143784webdriver-profile/extensions/fxdriver@googlecode.com/components/command-processor.js:623)
</error>

      </testcase>

      <system-out><![CDATA[]]></system-out>

      <system-err><![CDATA[]]></system-err>

  </testsuite>
  <testsuite errors="0" failures="0" hostname="S4KYDP6" id="11" name="SessionRegularisationgRequest" package="AIRBUBS_XLAS_JENKINS.SessioneLearningRegularisationRequest" tests="1" time="74.321" timestamp="2016-03-30T13:01:16">
      <properties>
[...]
</properties>

      <testcase classname="AIRBUBS_XLAS_JENKINS.SessioneLearningRegularisationRequest.SessionRegularisationgRequest" name="SessioneRegularisationCreation" time="74.273" />

      <system-out><![CDATA[REQUESTS-7613 Session Regularisation Request has been created and sent to Completed
]]></system-out>

      <system-err><![CDATA[]]></system-err>

  </testsuite>
  <testsuite errors="0" failures="0" hostname="S4KYDP6" id="12" name="SessioneeLearninRequest" package="AIRBUBS_XLAS_JENKINS.SessioneLearningRegularisationRequest" tests="1" time="104.87" timestamp="2016-03-30T12:54:09">
      <properties>
[...]
</properties>

      <testcase classname="AIRBUBS_XLAS_JENKINS.SessioneLearningRegularisationRequest.SessioneeLearninRequest" name="SessioneLearningCreation" time="103.564" />

      <system-out><![CDATA[REQUESTS-7612 Session E-Learning Request has been created and sent to Completed
]]></system-out>

      <system-err><![CDATA[]]></system-err>

  </testsuite>
  <testsuite errors="1" failures="0" hostname="S4KYDP6" id="13" name="DeliveryDataCourseCatalog" package="CourseCatalog" tests="1" time="0.0" timestamp="2016-03-29T14:49:07">
      <properties>
[...]
</properties>

      <error message="CourseCatalog.DeliveryDataCourseCatalog" type="java.lang.ClassNotFoundException">java.lang.ClassNotFoundException: CourseCatalog.DeliveryDataCourseCatalog
	at java.net.URLClassLoader.findClass(URLClassLoader.java:381)
	at java.lang.ClassLoader.loadClass(ClassLoader.java:424)
	at sun.misc.Launcher$AppClassLoader.loadClass(Launcher.java:331)
	at java.lang.ClassLoader.loadClass(ClassLoader.java:357)
	at java.lang.Class.forName0(Native Method)
	at java.lang.Class.forName(Class.java:264)
</error>

      <system-out><![CDATA[]]></system-out>

      <system-err><![CDATA[]]></system-err>

  </testsuite>
  <testsuite errors="1" failures="0" hostname="S4KYDP6" id="14" name="UrgentCourseCatalog" package="CourseCatalog" tests="1" time="0.0" timestamp="2016-03-29T12:28:16">
      <properties>
[...]
</properties>

      <error message="CourseCatalog.UrgentCourseCatalog" type="java.lang.ClassNotFoundException">java.lang.ClassNotFoundException: CourseCatalog.UrgentCourseCatalog
	at java.net.URLClassLoader.findClass(URLClassLoader.java:381)
	at java.lang.ClassLoader.loadClass(ClassLoader.java:424)
	at sun.misc.Launcher$AppClassLoader.loadClass(Launcher.java:331)
	at java.lang.ClassLoader.loadClass(ClassLoader.java:357)
	at java.lang.Class.forName0(Native Method)
	at java.lang.Class.forName(Class.java:264)
</error>

      <system-out><![CDATA[]]></system-out>

      <system-err><![CDATA[]]></system-err>

  </testsuite>
  <testsuite errors="1" failures="0" hostname="S4KYDP6" id="15" name="ValidationCourseCatalog" package="CourseCatalog" tests="1" time="0.219" timestamp="2016-03-29T14:57:06">
      <properties>
[...]
</properties>

      <testcase classname="CourseCatalog.ValidationCourseCatalog" name="ValidationCourse" time="0.0">
          <error message="Unresolved compilation problem: &#xa;&#x9;The declared package &quot;AIRBUBS_XLAS_JENKINS.CourseCatalog&quot; does not match the expected package &quot;CourseCatalog&quot;&#xa;" type="java.lang.Error">java.lang.Error: Unresolved compilation problem: 
	The declared package &quot;AIRBUBS_XLAS_JENKINS.CourseCatalog&quot; does not match the expected package &quot;CourseCatalog&quot;

	at CourseCatalog.ValidationCourseCatalog.&lt;init&gt;(ValidationCourseCatalog.java:1)
	at java.lang.reflect.Constructor.newInstance(Constructor.java:423)
</error>

      </testcase>

      <system-out><![CDATA[]]></system-out>

      <system-err><![CDATA[]]></system-err>

  </testsuite>
  <testsuite errors="1" failures="0" hostname="S4KYDP6" id="16" name="StandardCourseModificationRequest" package="CourseModificationRequest" tests="1" time="0.0" timestamp="2016-03-29T12:23:38">
      <properties>
[...]
</properties>

      <error type="java.lang.ExceptionInInitializerError">java.lang.ExceptionInInitializerError
	at java.lang.Class.forName0(Native Method)
	at java.lang.Class.forName(Class.java:264)
Caused by: org.openqa.selenium.WebDriverException: Failed to connect to binary FirefoxBinary(C:\Users\C9854448\AppData\Local\Mozilla Firefox\firefox.exe) on port 7055; process output follows: 
a.org&quot;,&quot;syncGUID&quot;:&quot;C03t9z5Guieq&quot;,&quot;location&quot;:&quot;app-system-defaults&quot;,&quot;version&quot;:&quot;0.1&quot;,&quot;type&quot;:&quot;extension&quot;,&quot;internalName&quot;:null,&quot;updateURL&quot;:null,&quot;updateKey&quot;:null,&quot;optionsURL&quot;:null,&quot;optionsType&quot;:null,&quot;aboutURL&quot;:null,&quot;icons&quot;:{},&quot;iconURL&quot;:null,&quot;icon64URL&quot;:null,&quot;defaultLocale&quot;:{&quot;name&quot;:&quot;Firefox Hello Beta&quot;,&quot;description&quot;:&quot;Web sharing for Firefox&quot;,&quot;creator&quot;:&quot;Mozilla&quot;,&quot;homepageURL&quot;:null},&quot;visible&quot;:true,&quot;active&quot;:true,&quot;userDisabled&quot;:false,&quot;appDisabled&quot;:false,&quot;descriptor&quot;:&quot;C:\\Users\\C9854448\\AppData\\Local\\Mozilla Firefox\\browser\\features\\loop@mozilla.org.xpi&quot;,&quot;installDate&quot;:1458654229640,&quot;updateDate&quot;:1458654229640,&quot;applyBackgroundUpdates&quot;:1,&quot;bootstrap&quot;:true,&quot;skinnable&quot;:false,&quot;size&quot;:3086127,&quot;sourceURI&quot;:null,&quot;releaseNotesURI&quot;:null,&quot;softDisabled&quot;:false,&quot;foreignInstall&quot;:false,&quot;hasBinaryComponents&quot;:false,&quot;strictCompatibility&quot;:false,&quot;locales&quot;:[],&quot;targetApplications&quot;:[{&quot;id&quot;:&quot;{ec8030f7-c20a-464f-9b0e-13a3a9e97384}&quot;,&quot;minVersion&quot;:&quot;45.0a1&quot;,&quot;maxVersion&quot;:&quot;45.0.1&quot;},{&quot;id&quot;:&quot;xpcshell@tests.mozilla.org&quot;,&quot;minVersion&quot;:&quot;0&quot;,&quot;maxVersion&quot;:&quot;10&quot;}],&quot;targetPlatforms&quot;:[],&quot;multiprocessCompatible&quot;:false,&quot;seen&quot;:true}
1459254203868	addons.xpi	DEBUG	getModTime: Recursive scan of loop@mozilla.org
1459254203869	addons.xpi	DEBUG	Updating XPIState for {&quot;id&quot;:&quot;{972ce4c6-7e08-4474-a285-3208198ce6fd}&quot;,&quot;syncGUID&quot;:&quot;jNYZjVr5uCSl&quot;,&quot;location&quot;:&quot;app-global&quot;,&quot;version&quot;:&quot;45.0.1&quot;,&quot;type&quot;:&quot;theme&quot;,&quot;internalName&quot;:&quot;classic/1.0&quot;,&quot;updateURL&quot;:null,&quot;updateKey&quot;:null,&quot;optionsURL&quot;:null,&quot;optionsType&quot;:null,&quot;aboutURL&quot;:null,&quot;icons&quot;:{&quot;32&quot;:&quot;icon.png&quot;,&quot;48&quot;:&quot;icon.png&quot;},&quot;iconURL&quot;:null,&quot;icon64URL&quot;:null,&quot;defaultLocale&quot;:{&quot;name&quot;:&quot;Default&quot;,&quot;description&quot;:&quot;The default theme.&quot;,&quot;creator&quot;:&quot;Mozilla&quot;,&quot;homepageURL&quot;:null,&quot;contributors&quot;:[&quot;Mozilla Contributors&quot;]},&quot;visible&quot;:true,&quot;active&quot;:true,&quot;userDisabled&quot;:false,&quot;appDisabled&quot;:false,&quot;descriptor&quot;:&quot;C:\\Users\\C9854448\\AppData\\Local\\Mozilla Firefox\\browser\\extensions\\{972ce4c6-7e08-4474-a285-3208198ce6fd}.xpi&quot;,&quot;installDate&quot;:1458654229640,&quot;updateDate&quot;:1458654229640,&quot;applyBackgroundUpdates&quot;:1,&quot;skinnable&quot;:true,&quot;size&quot;:22012,&quot;sourceURI&quot;:null,&quot;releaseNotesURI&quot;:null,&quot;softDisabled&quot;:false,&quot;foreignInstall&quot;:false,&quot;hasBinaryComponents&quot;:false,&quot;strictCompatibility&quot;:true,&quot;locales&quot;:[],&quot;targetApplications&quot;:[{&quot;id&quot;:&quot;{ec8030f7-c20a-464f-9b0e-13a3a9e97384}&quot;,&quot;minVersion&quot;:&quot;45.0.1&quot;,&quot;maxVersion&quot;:&quot;45.0.1&quot;}],&quot;targetPlatforms&quot;:[],&quot;seen&quot;:true}
1459254203869	addons.xpi	DEBUG	getModTime: Recursive scan of {972ce4c6-7e08-4474-a285-3208198ce6fd}
1459254203871	DeferredSave.extensions.json	DEBUG	Save changes
1459254203871	addons.xpi	DEBUG	Updating database with changes to installed add-ons
1459254203871	addons.xpi-utils	DEBUG	Updating add-on states
1459254203872	addons.xpi-utils	DEBUG	Writing add-ons list
1459254203934	addons.xpi	DEBUG	Registering manifest for C:\Users\C9854448\AppData\Local\Mozilla Firefox\browser\features\loop@mozilla.org.xpi
1459254203936	addons.xpi	DEBUG	Calling bootstrap method startup on loop@mozilla.org version 0.1
1459254204041	addons.manager	DEBUG	Starting provider: &lt;unnamed-provider&gt;
1459254204041	addons.manager	DEBUG	Registering shutdown blocker for &lt;unnamed-provider&gt;
1459254204042	addons.manager	DEBUG	Provider finished startup: &lt;unnamed-provider&gt;
1459254204114	addons.manager	DEBUG	Registering shutdown blocker for XPIProvider
1459254204114	addons.manager	DEBUG	Provider finished startup: XPIProvider
1459254204114	addons.manager	DEBUG	Starting provider: LightweightThemeManager
1459254204114	addons.manager	DEBUG	Registering shutdown blocker for LightweightThemeManager
1459254204115	addons.manager	DEBUG	Provider finished startup: LightweightThemeManager
1459254204115	addons.manager	DEBUG	Starting provider: GMPProvider
1459254204123	addons.manager	DEBUG	Registering shutdown blocker for GMPProvider
1459254204124	addons.manager	DEBUG	Provider finished startup: GMPProvider
1459254204124	addons.manager	DEBUG	Starting provider: PluginProvider
1459254204124	addons.manager	DEBUG	Registering shutdown blocker for PluginProvider
1459254204124	addons.manager	DEBUG	Provider finished startup: PluginProvider
1459254204124	addons.manager	DEBUG	Completed startup sequence

Build info: version: &apos;2.52.0&apos;, revision: &apos;4c2593c&apos;, time: &apos;2016-02-11 19:06:42&apos;
System info: host: &apos;S4KYDP6&apos;, ip: &apos;172.30.223.46&apos;, os.name: &apos;Windows 7&apos;, os.arch: &apos;x86&apos;, os.version: &apos;6.1&apos;, java.version: &apos;1.8.0_74&apos;
Driver info: driver.version: FirefoxDriver
	at org.openqa.selenium.firefox.internal.NewProfileExtensionConnection.start(NewProfileExtensionConnection.java:124)
	at org.openqa.selenium.firefox.FirefoxDriver.startClient(FirefoxDriver.java:271)
	at org.openqa.selenium.remote.RemoteWebDriver.&lt;init&gt;(RemoteWebDriver.java:119)
	at org.openqa.selenium.firefox.FirefoxDriver.&lt;init&gt;(FirefoxDriver.java:218)
	at org.openqa.selenium.firefox.FirefoxDriver.&lt;init&gt;(FirefoxDriver.java:211)
	at org.openqa.selenium.firefox.FirefoxDriver.&lt;init&gt;(FirefoxDriver.java:207)
	at org.openqa.selenium.firefox.FirefoxDriver.&lt;init&gt;(FirefoxDriver.java:120)
	at AIRBUBS_XLAS_JENKINS.CourseCatalog.CourseCatalogTemplate.&lt;clinit&gt;(CourseCatalogTemplate.java:13)
Caused by: org.openqa.selenium.firefox.NotConnectedException: Unable to connect to host 127.0.0.1 on port 7055 after 45000 ms. Firefox console output:
a.org&quot;,&quot;syncGUID&quot;:&quot;C03t9z5Guieq&quot;,&quot;location&quot;:&quot;app-system-defaults&quot;,&quot;version&quot;:&quot;0.1&quot;,&quot;type&quot;:&quot;extension&quot;,&quot;internalName&quot;:null,&quot;updateURL&quot;:null,&quot;updateKey&quot;:null,&quot;optionsURL&quot;:null,&quot;optionsType&quot;:null,&quot;aboutURL&quot;:null,&quot;icons&quot;:{},&quot;iconURL&quot;:null,&quot;icon64URL&quot;:null,&quot;defaultLocale&quot;:{&quot;name&quot;:&quot;Firefox Hello Beta&quot;,&quot;description&quot;:&quot;Web sharing for Firefox&quot;,&quot;creator&quot;:&quot;Mozilla&quot;,&quot;homepageURL&quot;:null},&quot;visible&quot;:true,&quot;active&quot;:true,&quot;userDisabled&quot;:false,&quot;appDisabled&quot;:false,&quot;descriptor&quot;:&quot;C:\\Users\\C9854448\\AppData\\Local\\Mozilla Firefox\\browser\\features\\loop@mozilla.org.xpi&quot;,&quot;installDate&quot;:1458654229640,&quot;updateDate&quot;:1458654229640,&quot;applyBackgroundUpdates&quot;:1,&quot;bootstrap&quot;:true,&quot;skinnable&quot;:false,&quot;size&quot;:3086127,&quot;sourceURI&quot;:null,&quot;releaseNotesURI&quot;:null,&quot;softDisabled&quot;:false,&quot;foreignInstall&quot;:false,&quot;hasBinaryComponents&quot;:false,&quot;strictCompatibility&quot;:false,&quot;locales&quot;:[],&quot;targetApplications&quot;:[{&quot;id&quot;:&quot;{ec8030f7-c20a-464f-9b0e-13a3a9e97384}&quot;,&quot;minVersion&quot;:&quot;45.0a1&quot;,&quot;maxVersion&quot;:&quot;45.0.1&quot;},{&quot;id&quot;:&quot;xpcshell@tests.mozilla.org&quot;,&quot;minVersion&quot;:&quot;0&quot;,&quot;maxVersion&quot;:&quot;10&quot;}],&quot;targetPlatforms&quot;:[],&quot;multiprocessCompatible&quot;:false,&quot;seen&quot;:true}
1459254203868	addons.xpi	DEBUG	getModTime: Recursive scan of loop@mozilla.org
1459254203869	addons.xpi	DEBUG	Updating XPIState for {&quot;id&quot;:&quot;{972ce4c6-7e08-4474-a285-3208198ce6fd}&quot;,&quot;syncGUID&quot;:&quot;jNYZjVr5uCSl&quot;,&quot;location&quot;:&quot;app-global&quot;,&quot;version&quot;:&quot;45.0.1&quot;,&quot;type&quot;:&quot;theme&quot;,&quot;internalName&quot;:&quot;classic/1.0&quot;,&quot;updateURL&quot;:null,&quot;updateKey&quot;:null,&quot;optionsURL&quot;:null,&quot;optionsType&quot;:null,&quot;aboutURL&quot;:null,&quot;icons&quot;:{&quot;32&quot;:&quot;icon.png&quot;,&quot;48&quot;:&quot;icon.png&quot;},&quot;iconURL&quot;:null,&quot;icon64URL&quot;:null,&quot;defaultLocale&quot;:{&quot;name&quot;:&quot;Default&quot;,&quot;description&quot;:&quot;The default theme.&quot;,&quot;creator&quot;:&quot;Mozilla&quot;,&quot;homepageURL&quot;:null,&quot;contributors&quot;:[&quot;Mozilla Contributors&quot;]},&quot;visible&quot;:true,&quot;active&quot;:true,&quot;userDisabled&quot;:false,&quot;appDisabled&quot;:false,&quot;descriptor&quot;:&quot;C:\\Users\\C9854448\\AppData\\Local\\Mozilla Firefox\\browser\\extensions\\{972ce4c6-7e08-4474-a285-3208198ce6fd}.xpi&quot;,&quot;installDate&quot;:1458654229640,&quot;updateDate&quot;:1458654229640,&quot;applyBackgroundUpdates&quot;:1,&quot;skinnable&quot;:true,&quot;size&quot;:22012,&quot;sourceURI&quot;:null,&quot;releaseNotesURI&quot;:null,&quot;softDisabled&quot;:false,&quot;foreignInstall&quot;:false,&quot;hasBinaryComponents&quot;:false,&quot;strictCompatibility&quot;:true,&quot;locales&quot;:[],&quot;targetApplications&quot;:[{&quot;id&quot;:&quot;{ec8030f7-c20a-464f-9b0e-13a3a9e97384}&quot;,&quot;minVersion&quot;:&quot;45.0.1&quot;,&quot;maxVersion&quot;:&quot;45.0.1&quot;}],&quot;targetPlatforms&quot;:[],&quot;seen&quot;:true}
1459254203869	addons.xpi	DEBUG	getModTime: Recursive scan of {972ce4c6-7e08-4474-a285-3208198ce6fd}
1459254203871	DeferredSave.extensions.json	DEBUG	Save changes
1459254203871	addons.xpi	DEBUG	Updating database with changes to installed add-ons
1459254203871	addons.xpi-utils	DEBUG	Updating add-on states
1459254203872	addons.xpi-utils	DEBUG	Writing add-ons list
1459254203934	addons.xpi	DEBUG	Registering manifest for C:\Users\C9854448\AppData\Local\Mozilla Firefox\browser\features\loop@mozilla.org.xpi
1459254203936	addons.xpi	DEBUG	Calling bootstrap method startup on loop@mozilla.org version 0.1
1459254204041	addons.manager	DEBUG	Starting provider: &lt;unnamed-provider&gt;
1459254204041	addons.manager	DEBUG	Registering shutdown blocker for &lt;unnamed-provider&gt;
1459254204042	addons.manager	DEBUG	Provider finished startup: &lt;unnamed-provider&gt;
1459254204114	addons.manager	DEBUG	Registering shutdown blocker for XPIProvider
1459254204114	addons.manager	DEBUG	Provider finished startup: XPIProvider
1459254204114	addons.manager	DEBUG	Starting provider: LightweightThemeManager
1459254204114	addons.manager	DEBUG	Registering shutdown blocker for LightweightThemeManager
1459254204115	addons.manager	DEBUG	Provider finished startup: LightweightThemeManager
1459254204115	addons.manager	DEBUG	Starting provider: GMPProvider
1459254204123	addons.manager	DEBUG	Registering shutdown blocker for GMPProvider
1459254204124	addons.manager	DEBUG	Provider finished startup: GMPProvider
1459254204124	addons.manager	DEBUG	Starting provider: PluginProvider
1459254204124	addons.manager	DEBUG	Registering shutdown blocker for PluginProvider
1459254204124	addons.manager	DEBUG	Provider finished startup: PluginProvider
1459254204124	addons.manager	DEBUG	Completed startup sequence

	at org.openqa.selenium.firefox.internal.NewProfileExtensionConnection.start(NewProfileExtensionConnection.java:112)
</error>

      <system-out><![CDATA[]]></system-out>

      <system-err><![CDATA[org.openqa.selenium.firefox.NotConnectedException: Unable to connect to host 127.0.0.1 on port 7055 after 45000 ms. Firefox console output:
a.org","syncGUID":"C03t9z5Guieq","location":"app-system-defaults","version":"0.1","type":"extension","internalName":null,"updateURL":null,"updateKey":null,"optionsURL":null,"optionsType":null,"aboutURL":null,"icons":{},"iconURL":null,"icon64URL":null,"defaultLocale":{"name":"Firefox Hello Beta","description":"Web sharing for Firefox","creator":"Mozilla","homepageURL":null},"visible":true,"active":true,"userDisabled":false,"appDisabled":false,"descriptor":"C:\\Users\\C9854448\\AppData\\Local\\Mozilla Firefox\\browser\\features\\loop@mozilla.org.xpi","installDate":1458654229640,"updateDate":1458654229640,"applyBackgroundUpdates":1,"bootstrap":true,"skinnable":false,"size":3086127,"sourceURI":null,"releaseNotesURI":null,"softDisabled":false,"foreignInstall":false,"hasBinaryComponents":false,"strictCompatibility":false,"locales":[],"targetApplications":[{"id":"{ec8030f7-c20a-464f-9b0e-13a3a9e97384}","minVersion":"45.0a1","maxVersion":"45.0.1"},{"id":"xpcshell@tests.mozilla.org","minVersion":"0","maxVersion":"10"}],"targetPlatforms":[],"multiprocessCompatible":false,"seen":true}
1459254203868	addons.xpi	DEBUG	getModTime: Recursive scan of loop@mozilla.org
1459254203869	addons.xpi	DEBUG	Updating XPIState for {"id":"{972ce4c6-7e08-4474-a285-3208198ce6fd}","syncGUID":"jNYZjVr5uCSl","location":"app-global","version":"45.0.1","type":"theme","internalName":"classic/1.0","updateURL":null,"updateKey":null,"optionsURL":null,"optionsType":null,"aboutURL":null,"icons":{"32":"icon.png","48":"icon.png"},"iconURL":null,"icon64URL":null,"defaultLocale":{"name":"Default","description":"The default theme.","creator":"Mozilla","homepageURL":null,"contributors":["Mozilla Contributors"]},"visible":true,"active":true,"userDisabled":false,"appDisabled":false,"descriptor":"C:\\Users\\C9854448\\AppData\\Local\\Mozilla Firefox\\browser\\extensions\\{972ce4c6-7e08-4474-a285-3208198ce6fd}.xpi","installDate":1458654229640,"updateDate":1458654229640,"applyBackgroundUpdates":1,"skinnable":true,"size":22012,"sourceURI":null,"releaseNotesURI":null,"softDisabled":false,"foreignInstall":false,"hasBinaryComponents":false,"strictCompatibility":true,"locales":[],"targetApplications":[{"id":"{ec8030f7-c20a-464f-9b0e-13a3a9e97384}","minVersion":"45.0.1","maxVersion":"45.0.1"}],"targetPlatforms":[],"seen":true}
1459254203869	addons.xpi	DEBUG	getModTime: Recursive scan of {972ce4c6-7e08-4474-a285-3208198ce6fd}
1459254203871	DeferredSave.extensions.json	DEBUG	Save changes
1459254203871	addons.xpi	DEBUG	Updating database with changes to installed add-ons
1459254203871	addons.xpi-utils	DEBUG	Updating add-on states
1459254203872	addons.xpi-utils	DEBUG	Writing add-ons list
1459254203934	addons.xpi	DEBUG	Registering manifest for C:\Users\C9854448\AppData\Local\Mozilla Firefox\browser\features\loop@mozilla.org.xpi
1459254203936	addons.xpi	DEBUG	Calling bootstrap method startup on loop@mozilla.org version 0.1
1459254204041	addons.manager	DEBUG	Starting provider: <unnamed-provider>
1459254204041	addons.manager	DEBUG	Registering shutdown blocker for <unnamed-provider>
1459254204042	addons.manager	DEBUG	Provider finished startup: <unnamed-provider>
1459254204114	addons.manager	DEBUG	Registering shutdown blocker for XPIProvider
1459254204114	addons.manager	DEBUG	Provider finished startup: XPIProvider
1459254204114	addons.manager	DEBUG	Starting provider: LightweightThemeManager
1459254204114	addons.manager	DEBUG	Registering shutdown blocker for LightweightThemeManager
1459254204115	addons.manager	DEBUG	Provider finished startup: LightweightThemeManager
1459254204115	addons.manager	DEBUG	Starting provider: GMPProvider
1459254204123	addons.manager	DEBUG	Registering shutdown blocker for GMPProvider
1459254204124	addons.manager	DEBUG	Provider finished startup: GMPProvider
1459254204124	addons.manager	DEBUG	Starting provider: PluginProvider
1459254204124	addons.manager	DEBUG	Registering shutdown blocker for PluginProvider
1459254204124	addons.manager	DEBUG	Provider finished startup: PluginProvider
1459254204124	addons.manager	DEBUG	Completed startup sequence

	at org.openqa.selenium.firefox.internal.NewProfileExtensionConnection.start(NewProfileExtensionConnection.java:112)
	at org.openqa.selenium.firefox.FirefoxDriver.startClient(FirefoxDriver.java:271)
	at org.openqa.selenium.remote.RemoteWebDriver.<init>(RemoteWebDriver.java:119)
	at org.openqa.selenium.firefox.FirefoxDriver.<init>(FirefoxDriver.java:218)
	at org.openqa.selenium.firefox.FirefoxDriver.<init>(FirefoxDriver.java:211)
	at org.openqa.selenium.firefox.FirefoxDriver.<init>(FirefoxDriver.java:207)
	at org.openqa.selenium.firefox.FirefoxDriver.<init>(FirefoxDriver.java:120)
	at AIRBUBS_XLAS_JENKINS.CourseCatalog.CourseCatalogTemplate.<clinit>(CourseCatalogTemplate.java:13)
	at java.lang.Class.forName0(Native Method)
	at java.lang.Class.forName(Class.java:264)
	at org.apache.tools.ant.taskdefs.optional.junit.JUnitTestRunner.run(JUnitTestRunner.java:374)
	at org.apache.tools.ant.taskdefs.optional.junit.JUnitTestRunner.launch(JUnitTestRunner.java:1060)
	at org.apache.tools.ant.taskdefs.optional.junit.JUnitTestRunner.main(JUnitTestRunner.java:911)
]]></system-err>

  </testsuite>
  <testsuite errors="1" failures="0" hostname="S4KYDP6" id="17" name="ValidationCourseModificationRequest" package="CourseModificationRequest" tests="1" time="0.0" timestamp="2016-03-29T14:07:14">
      <properties>
[...]
</properties>

      <error message="CourseModificationRequest.ValidationCourseModificationRequest" type="java.lang.ClassNotFoundException">java.lang.ClassNotFoundException: CourseModificationRequest.ValidationCourseModificationRequest
	at java.net.URLClassLoader.findClass(URLClassLoader.java:381)
	at java.lang.ClassLoader.loadClass(ClassLoader.java:424)
	at sun.misc.Launcher$AppClassLoader.loadClass(Launcher.java:331)
	at java.lang.ClassLoader.loadClass(ClassLoader.java:357)
	at java.lang.Class.forName0(Native Method)
	at java.lang.Class.forName(Class.java:264)
</error>

      <system-out><![CDATA[]]></system-out>

      <system-err><![CDATA[]]></system-err>

  </testsuite>
  <testsuite errors="1" failures="0" hostname="S4KYDP6" id="18" name="SessionCatalogCancellation" package="SessionCatalog" tests="1" time="0.0" timestamp="2016-03-29T12:43:07">
      <properties>
[...]
</properties>

      <error message="SessionCatalog.SessionCatalogCancellation" type="java.lang.ClassNotFoundException">java.lang.ClassNotFoundException: SessionCatalog.SessionCatalogCancellation
	at java.net.URLClassLoader.findClass(URLClassLoader.java:381)
	at java.lang.ClassLoader.loadClass(ClassLoader.java:424)
	at sun.misc.Launcher$AppClassLoader.loadClass(Launcher.java:331)
	at java.lang.ClassLoader.loadClass(ClassLoader.java:357)
	at java.lang.Class.forName0(Native Method)
	at java.lang.Class.forName(Class.java:264)
</error>

      <system-out><![CDATA[]]></system-out>

      <system-err><![CDATA[]]></system-err>

  </testsuite>
  <testsuite errors="1" failures="0" hostname="S4KYDP6" id="19" name="SessionCatalogCompleted" package="SessionCatalog" tests="1" time="0.0" timestamp="2016-03-29T12:43:15">
      <properties>
[...]
</properties>

      <error message="SessionCatalog.SessionCatalogCompleted" type="java.lang.ClassNotFoundException">java.lang.ClassNotFoundException: SessionCatalog.SessionCatalogCompleted
	at java.net.URLClassLoader.findClass(URLClassLoader.java:381)
	at java.lang.ClassLoader.loadClass(ClassLoader.java:424)
	at sun.misc.Launcher$AppClassLoader.loadClass(Launcher.java:331)
	at java.lang.ClassLoader.loadClass(ClassLoader.java:357)
	at java.lang.Class.forName0(Native Method)
	at java.lang.Class.forName(Class.java:264)
</error>

      <system-out><![CDATA[]]></system-out>

      <system-err><![CDATA[]]></system-err>

  </testsuite>
  <testsuite errors="1" failures="0" hostname="S4KYDP6" id="20" name="SessionModificationRequest" package="SessionCatalog" tests="1" time="0.0" timestamp="2016-03-29T14:00:08">
      <properties>
[...]
</properties>

      <error message="SessionCatalog.SessionModificationRequest" type="java.lang.ClassNotFoundException">java.lang.ClassNotFoundException: SessionCatalog.SessionModificationRequest
	at java.net.URLClassLoader.findClass(URLClassLoader.java:381)
	at java.lang.ClassLoader.loadClass(ClassLoader.java:424)
	at sun.misc.Launcher$AppClassLoader.loadClass(Launcher.java:331)
	at java.lang.ClassLoader.loadClass(ClassLoader.java:357)
	at java.lang.Class.forName0(Native Method)
	at java.lang.Class.forName(Class.java:264)
</error>

      <system-out><![CDATA[]]></system-out>

      <system-err><![CDATA[]]></system-err>

  </testsuite>
  <testsuite errors="1" failures="0" hostname="S4KYDP6" id="21" name="SessionRegularisationgRequest" package="SessioneLearningRegularisationRequest" tests="1" time="0.0" timestamp="2016-03-29T14:59:05">
      <properties>
[...]
</properties>

      <error message="SessioneLearningRegularisationRequest.SessionRegularisationgRequest" type="java.lang.ClassNotFoundException">java.lang.ClassNotFoundException: SessioneLearningRegularisationRequest.SessionRegularisationgRequest
	at java.net.URLClassLoader.findClass(URLClassLoader.java:381)
	at java.lang.ClassLoader.loadClass(ClassLoader.java:424)
	at sun.misc.Launcher$AppClassLoader.loadClass(Launcher.java:331)
	at java.lang.ClassLoader.loadClass(ClassLoader.java:357)
	at java.lang.Class.forName0(Native Method)
	at java.lang.Class.forName(Class.java:264)
</error>

      <system-out><![CDATA[]]></system-out>

      <system-err><![CDATA[]]></system-err>

  </testsuite>
  <testsuite errors="1" failures="0" hostname="S4KYDP6" id="22" name="SessioneeLearninRequest" package="SessioneLearningRegularisationRequest" tests="1" time="0.0" timestamp="2016-03-29T14:46:52">
      <properties>
[...]
</properties>

      <error message="SessioneLearningRegularisationRequest.SessioneeLearninRequest" type="java.lang.ClassNotFoundException">java.lang.ClassNotFoundException: SessioneLearningRegularisationRequest.SessioneeLearninRequest
	at java.net.URLClassLoader.findClass(URLClassLoader.java:381)
	at java.lang.ClassLoader.loadClass(ClassLoader.java:424)
	at sun.misc.Launcher$AppClassLoader.loadClass(Launcher.java:331)
	at java.lang.ClassLoader.loadClass(ClassLoader.java:357)
	at java.lang.Class.forName0(Native Method)
	at java.lang.Class.forName(Class.java:264)
</error>

      <system-out><![CDATA[]]></system-out>

      <system-err><![CDATA[]]></system-err>

  </testsuite>
</testsuites>
