<?xml version="1.0" encoding="UTF-8" ?>
<testsuites>
  <testsuite errors="1" failures="0" hostname="S4KYDP6" id="0" name="DeliveryDataCourseCatalog" package="AIRBUBS_XLAS_JENKINS.CourseCatalog" tests="1" time="0.0" timestamp="2016-03-30T14:54:50">
      <properties>
[...]
</properties>

      <error type="java.lang.ExceptionInInitializerError">java.lang.ExceptionInInitializerError
	at java.lang.Class.forName0(Native Method)
	at java.lang.Class.forName(Class.java:264)
Caused by: org.openqa.selenium.WebDriverException: Failed to connect to binary FirefoxBinary(C:\Users\C9854448\AppData\Local\Mozilla Firefox\firefox.exe) on port 7056; process output follows: 

Build info: version: &apos;2.52.0&apos;, revision: &apos;4c2593c&apos;, time: &apos;2016-02-11 19:03:33&apos;
System info: host: &apos;S4KYDP6&apos;, ip: &apos;172.30.223.134&apos;, os.name: &apos;Windows 7&apos;, os.arch: &apos;x86&apos;, os.version: &apos;6.1&apos;, java.version: &apos;1.8.0_74&apos;
Driver info: driver.version: FirefoxDriver
	at org.openqa.selenium.firefox.internal.NewProfileExtensionConnection.start(NewProfileExtensionConnection.java:124)
	at org.openqa.selenium.firefox.FirefoxDriver.startClient(FirefoxDriver.java:271)
	at org.openqa.selenium.remote.RemoteWebDriver.&lt;init&gt;(RemoteWebDriver.java:119)
	at org.openqa.selenium.firefox.FirefoxDriver.&lt;init&gt;(FirefoxDriver.java:218)
	at org.openqa.selenium.firefox.FirefoxDriver.&lt;init&gt;(FirefoxDriver.java:211)
	at org.openqa.selenium.firefox.FirefoxDriver.&lt;init&gt;(FirefoxDriver.java:207)
	at org.openqa.selenium.firefox.FirefoxDriver.&lt;init&gt;(FirefoxDriver.java:120)
	at AIRBUBS_XLAS_JENKINS.CourseCatalog.CourseCatalogTemplate.&lt;clinit&gt;(CourseCatalogTemplate.java:13)
Caused by: org.openqa.selenium.firefox.NotConnectedException: Unable to connect to host 127.0.0.1 on port 7056 after 45000 ms. Firefox console output:

	at org.openqa.selenium.firefox.internal.NewProfileExtensionConnection.start(NewProfileExtensionConnection.java:112)
</error>

      <system-out><![CDATA[]]></system-out>

      <system-err><![CDATA[org.openqa.selenium.firefox.NotConnectedException: Unable to connect to host 127.0.0.1 on port 7056 after 45000 ms. Firefox console output:

	at org.openqa.selenium.firefox.internal.NewProfileExtensionConnection.start(NewProfileExtensionConnection.java:112)
	at org.openqa.selenium.firefox.FirefoxDriver.startClient(FirefoxDriver.java:271)
	at org.openqa.selenium.remote.RemoteWebDriver.<init>(RemoteWebDriver.java:119)
	at org.openqa.selenium.firefox.FirefoxDriver.<init>(FirefoxDriver.java:218)
	at org.openqa.selenium.firefox.FirefoxDriver.<init>(FirefoxDriver.java:211)
	at org.openqa.selenium.firefox.FirefoxDriver.<init>(FirefoxDriver.java:207)
	at org.openqa.selenium.firefox.FirefoxDriver.<init>(FirefoxDriver.java:120)
	at AIRBUBS_XLAS_JENKINS.CourseCatalog.CourseCatalogTemplate.<clinit>(CourseCatalogTemplate.java:13)
	at java.lang.Class.forName0(Native Method)
	at java.lang.Class.forName(Class.java:264)
	at org.apache.tools.ant.taskdefs.optional.junit.JUnitTestRunner.run(JUnitTestRunner.java:374)
	at org.apache.tools.ant.taskdefs.optional.junit.JUnitTestRunner.launch(JUnitTestRunner.java:1060)
	at org.apache.tools.ant.taskdefs.optional.junit.JUnitTestRunner.main(JUnitTestRunner.java:911)
]]></system-err>

  </testsuite>
  <testsuite errors="0" failures="0" hostname="S4KYDP6" id="1" name="StandardCourseCatalogCreation" package="AIRBUBS_XLAS_JENKINS.CourseCatalog" tests="1" time="191.874" timestamp="2016-03-30T12:05:06">
      <properties>
[...]
</properties>

      <testcase classname="AIRBUBS_XLAS_JENKINS.CourseCatalog.StandardCourseCatalogCreation" name="CourseStandard" time="191.794" />

      <system-out><![CDATA[CATALOG-177396 Course Catalog has been created and sent to Active
]]></system-out>

      <system-err><![CDATA[]]></system-err>

  </testsuite>
  <testsuite errors="0" failures="0" hostname="S4KYDP6" id="2" name="UrgentCourseCatalog" package="AIRBUBS_XLAS_JENKINS.CourseCatalog" tests="1" time="205.827" timestamp="2016-03-30T15:17:41">
      <properties>
[...]
</properties>

      <testcase classname="AIRBUBS_XLAS_JENKINS.CourseCatalog.UrgentCourseCatalog" name="UrgentCourse" time="205.776" />

      <system-out><![CDATA[CATALOG-177439 Course Catalog has been created and sent to Active
]]></system-out>

      <system-err><![CDATA[]]></system-err>

  </testsuite>
  <testsuite errors="0" failures="0" hostname="S4KYDP6" id="3" name="UrgentDeliveryDataCourseCatalog" package="AIRBUBS_XLAS_JENKINS.CourseCatalog" tests="1" time="155.93" timestamp="2016-03-30T12:08:33">
      <properties>
[...]
</properties>

      <testcase classname="AIRBUBS_XLAS_JENKINS.CourseCatalog.UrgentDeliveryDataCourseCatalog" name="UrgentDeliveryData" time="155.899" />

      <system-out><![CDATA[CATALOG-177397 Course Catalog has been created and sent to Pending Delivery Data
]]></system-out>

      <system-err><![CDATA[]]></system-err>

  </testsuite>
  <testsuite errors="0" failures="0" hostname="S4KYDP6" id="4" name="ValidationCourseCatalog" package="AIRBUBS_XLAS_JENKINS.CourseCatalog" tests="1" time="205.603" timestamp="2016-03-30T12:57:24">
      <properties>
[...]
</properties>

      <testcase classname="AIRBUBS_XLAS_JENKINS.CourseCatalog.ValidationCourseCatalog" name="ValidationCourse" time="205.509" />

      <system-out><![CDATA[CATALOG-177417 Course Catalog has been created and sent to Active
]]></system-out>

      <system-err><![CDATA[]]></system-err>

  </testsuite>
  <testsuite errors="0" failures="0" hostname="S4KYDP6" id="5" name="StandardCourseModificationRequest" package="AIRBUBS_XLAS_JENKINS.CourseModificationRequest" tests="1" time="330.729" timestamp="2016-03-30T14:35:50">
      <properties>
[...]
</properties>

      <testcase classname="AIRBUBS_XLAS_JENKINS.CourseModificationRequest.StandardCourseModificationRequest" name="CourseModificationRequest" time="330.278" />

      <system-out><![CDATA[CATALOG-177438 Course Modification Request has been created and sent to Completed, Pending for Synchronization
]]></system-out>

      <system-err><![CDATA[]]></system-err>

  </testsuite>
  <testsuite errors="0" failures="0" hostname="S4KYDP6" id="6" name="ValidationCourseModificationRequest" package="AIRBUBS_XLAS_JENKINS.CourseModificationRequest" tests="1" time="290.655" timestamp="2016-03-30T14:10:40">
      <properties>
[...]
</properties>

      <testcase classname="AIRBUBS_XLAS_JENKINS.CourseModificationRequest.ValidationCourseModificationRequest" name="ValidateCourseModificationRequest" time="290.398" />

      <system-out><![CDATA[CATALOG-177424 Course Modification Request has been created and sent to Completed, Pending for Synchronization
]]></system-out>

      <system-err><![CDATA[]]></system-err>

  </testsuite>
  <testsuite errors="0" failures="0" hostname="S4KYDP6" id="7" name="CustomTask" package="AIRBUBS_XLAS_JENKINS.CustomTask" tests="1" time="101.802" timestamp="2016-03-30T14:42:01">
      <properties>
[...]
</properties>

      <testcase classname="AIRBUBS_XLAS_JENKINS.CustomTask.CustomTask" name="CustomTaskCreation" time="101.761" />

      <system-out><![CDATA[CT-49 Course Catalog has been created and sent to Completed
]]></system-out>

      <system-err><![CDATA[]]></system-err>

  </testsuite>
  <testsuite errors="1" failures="0" hostname="S4KYDP6" id="8" name="SessionCatalogCancellation" package="AIRBUBS_XLAS_JENKINS.SessionCatalog" tests="1" time="0.0" timestamp="2016-03-30T14:58:55">
      <properties>
[...]
</properties>

      <error type="java.lang.ExceptionInInitializerError">java.lang.ExceptionInInitializerError
	at java.lang.Class.forName0(Native Method)
	at java.lang.Class.forName(Unknown Source)
Caused by: org.openqa.selenium.WebDriverException: Failed to connect to binary FirefoxBinary(C:\Users\C9854448\AppData\Local\Mozilla Firefox\firefox.exe) on port 7056; process output follows: 
x One-Click Meeting&quot;,&quot;creator&quot;:&quot;Cisco WebEx&quot;,&quot;homepageURL&quot;:&quot;http://www.webex.com/&quot;},&quot;visible&quot;:true,&quot;active&quot;:false,&quot;userDisabled&quot;:true,&quot;appDisabled&quot;:false,&quot;descriptor&quot;:&quot;C:\\Program Files\\WebEx\\Productivity Tools&quot;,&quot;installDate&quot;:1445326277673,&quot;updateDate&quot;:1445326277673,&quot;applyBackgroundUpdates&quot;:1,&quot;bootstrap&quot;:false,&quot;skinnable&quot;:false,&quot;size&quot;:31568737,&quot;sourceURI&quot;:null,&quot;releaseNotesURI&quot;:null,&quot;softDisabled&quot;:false,&quot;foreignInstall&quot;:true,&quot;hasBinaryComponents&quot;:true,&quot;strictCompatibility&quot;:false,&quot;locales&quot;:[],&quot;targetApplications&quot;:[{&quot;id&quot;:&quot;{ec8030f7-c20a-464f-9b0e-13a3a9e97384}&quot;,&quot;minVersion&quot;:&quot;1.0+&quot;,&quot;maxVersion&quot;:&quot;99.*.*.*&quot;}],&quot;targetPlatforms&quot;:[],&quot;multiprocessCompatible&quot;:false,&quot;signedState&quot;:0,&quot;seen&quot;:true}
1459349912469	addons.xpi	DEBUG	Updating XPIState for {&quot;id&quot;:&quot;{972ce4c6-7e08-4474-a285-3208198ce6fd}&quot;,&quot;syncGUID&quot;:&quot;Bu-oAuLtKKwr&quot;,&quot;location&quot;:&quot;app-global&quot;,&quot;version&quot;:&quot;45.0.1&quot;,&quot;type&quot;:&quot;theme&quot;,&quot;internalName&quot;:&quot;classic/1.0&quot;,&quot;updateURL&quot;:null,&quot;updateKey&quot;:null,&quot;optionsURL&quot;:null,&quot;optionsType&quot;:null,&quot;aboutURL&quot;:null,&quot;icons&quot;:{&quot;32&quot;:&quot;icon.png&quot;,&quot;48&quot;:&quot;icon.png&quot;},&quot;iconURL&quot;:null,&quot;icon64URL&quot;:null,&quot;defaultLocale&quot;:{&quot;name&quot;:&quot;Default&quot;,&quot;description&quot;:&quot;The default theme.&quot;,&quot;creator&quot;:&quot;Mozilla&quot;,&quot;homepageURL&quot;:null,&quot;contributors&quot;:[&quot;Mozilla Contributors&quot;]},&quot;visible&quot;:true,&quot;active&quot;:true,&quot;userDisabled&quot;:false,&quot;appDisabled&quot;:false,&quot;descriptor&quot;:&quot;C:\\Users\\C9854448\\AppData\\Local\\Mozilla Firefox\\browser\\extensions\\{972ce4c6-7e08-4474-a285-3208198ce6fd}.xpi&quot;,&quot;installDate&quot;:1458654229640,&quot;updateDate&quot;:1458654229640,&quot;applyBackgroundUpdates&quot;:1,&quot;skinnable&quot;:true,&quot;size&quot;:22012,&quot;sourceURI&quot;:null,&quot;releaseNotesURI&quot;:null,&quot;softDisabled&quot;:false,&quot;foreignInstall&quot;:false,&quot;hasBinaryComponents&quot;:false,&quot;strictCompatibility&quot;:true,&quot;locales&quot;:[],&quot;targetApplications&quot;:[{&quot;id&quot;:&quot;{ec8030f7-c20a-464f-9b0e-13a3a9e97384}&quot;,&quot;minVersion&quot;:&quot;45.0.1&quot;,&quot;maxVersion&quot;:&quot;45.0.1&quot;}],&quot;targetPlatforms&quot;:[],&quot;seen&quot;:true}
1459349912469	addons.xpi	DEBUG	getModTime: Recursive scan of {972ce4c6-7e08-4474-a285-3208198ce6fd}
1459349912471	DeferredSave.extensions.json	DEBUG	Save changes
1459349912471	addons.xpi	DEBUG	Updating database with changes to installed add-ons
1459349912471	addons.xpi-utils	DEBUG	Updating add-on states
1459349912472	addons.xpi-utils	DEBUG	Writing add-ons list
1459349912542	addons.xpi	DEBUG	Registering manifest for C:\Users\C9854448\AppData\Local\Mozilla Firefox\browser\features\loop@mozilla.org.xpi
1459349912543	addons.xpi	DEBUG	Calling bootstrap method startup on loop@mozilla.org version 0.1
1459349912557	addons.manager	DEBUG	Starting provider: &lt;unnamed-provider&gt;
1459349912558	addons.manager	DEBUG	Registering shutdown blocker for &lt;unnamed-provider&gt;
1459349912558	addons.manager	DEBUG	Provider finished startup: &lt;unnamed-provider&gt;
1459349912575	addons.manager	DEBUG	Registering shutdown blocker for XPIProvider
1459349912575	addons.manager	DEBUG	Provider finished startup: XPIProvider
1459349912575	addons.manager	DEBUG	Starting provider: LightweightThemeManager
1459349912576	addons.manager	DEBUG	Registering shutdown blocker for LightweightThemeManager
1459349912576	addons.manager	DEBUG	Provider finished startup: LightweightThemeManager
1459349912576	addons.manager	DEBUG	Starting provider: GMPProvider
1459349912587	addons.manager	DEBUG	Registering shutdown blocker for GMPProvider
1459349912588	addons.manager	DEBUG	Provider finished startup: GMPProvider
1459349912588	addons.manager	DEBUG	Starting provider: PluginProvider
1459349912588	addons.manager	DEBUG	Registering shutdown blocker for PluginProvider
1459349912588	addons.manager	DEBUG	Provider finished startup: PluginProvider
1459349912589	addons.manager	DEBUG	Completed startup sequence
1459349928653	DeferredSave.extensions.json	DEBUG	Write succeeded
1459349928653	addons.xpi-utils	DEBUG	XPI Database saved, setting schema version preference to 17
1459349928653	DeferredSave.extensions.json	DEBUG	Starting timer
1459349929085	DeferredSave.extensions.json	DEBUG	Starting write
1459349929104	addons.repository	DEBUG	No addons.json found.
1459349929105	DeferredSave.addons.json	DEBUG	Save changes
1459349929138	DeferredSave.addons.json	DEBUG	Starting timer

Build info: version: &apos;2.52.0&apos;, revision: &apos;4c2593c&apos;, time: &apos;2016-02-11 19:03:33&apos;
System info: host: &apos;S4KYDP6&apos;, ip: &apos;172.30.223.134&apos;, os.name: &apos;Windows 7&apos;, os.arch: &apos;x86&apos;, os.version: &apos;6.1&apos;, java.version: &apos;1.8.0_77&apos;
Driver info: driver.version: FirefoxDriver
	at org.openqa.selenium.firefox.internal.NewProfileExtensionConnection.start(NewProfileExtensionConnection.java:124)
	at org.openqa.selenium.firefox.FirefoxDriver.startClient(FirefoxDriver.java:271)
	at org.openqa.selenium.remote.RemoteWebDriver.&lt;init&gt;(RemoteWebDriver.java:119)
	at org.openqa.selenium.firefox.FirefoxDriver.&lt;init&gt;(FirefoxDriver.java:218)
	at org.openqa.selenium.firefox.FirefoxDriver.&lt;init&gt;(FirefoxDriver.java:211)
	at org.openqa.selenium.firefox.FirefoxDriver.&lt;init&gt;(FirefoxDriver.java:207)
	at org.openqa.selenium.firefox.FirefoxDriver.&lt;init&gt;(FirefoxDriver.java:120)
	at AIRBUBS_XLAS_JENKINS.CourseCatalog.CourseCatalogTemplate.&lt;clinit&gt;(CourseCatalogTemplate.java:13)
Caused by: org.openqa.selenium.firefox.NotConnectedException: Unable to connect to host 127.0.0.1 on port 7056 after 45000 ms. Firefox console output:
x One-Click Meeting&quot;,&quot;creator&quot;:&quot;Cisco WebEx&quot;,&quot;homepageURL&quot;:&quot;http://www.webex.com/&quot;},&quot;visible&quot;:true,&quot;active&quot;:false,&quot;userDisabled&quot;:true,&quot;appDisabled&quot;:false,&quot;descriptor&quot;:&quot;C:\\Program Files\\WebEx\\Productivity Tools&quot;,&quot;installDate&quot;:1445326277673,&quot;updateDate&quot;:1445326277673,&quot;applyBackgroundUpdates&quot;:1,&quot;bootstrap&quot;:false,&quot;skinnable&quot;:false,&quot;size&quot;:31568737,&quot;sourceURI&quot;:null,&quot;releaseNotesURI&quot;:null,&quot;softDisabled&quot;:false,&quot;foreignInstall&quot;:true,&quot;hasBinaryComponents&quot;:true,&quot;strictCompatibility&quot;:false,&quot;locales&quot;:[],&quot;targetApplications&quot;:[{&quot;id&quot;:&quot;{ec8030f7-c20a-464f-9b0e-13a3a9e97384}&quot;,&quot;minVersion&quot;:&quot;1.0+&quot;,&quot;maxVersion&quot;:&quot;99.*.*.*&quot;}],&quot;targetPlatforms&quot;:[],&quot;multiprocessCompatible&quot;:false,&quot;signedState&quot;:0,&quot;seen&quot;:true}
1459349912469	addons.xpi	DEBUG	Updating XPIState for {&quot;id&quot;:&quot;{972ce4c6-7e08-4474-a285-3208198ce6fd}&quot;,&quot;syncGUID&quot;:&quot;Bu-oAuLtKKwr&quot;,&quot;location&quot;:&quot;app-global&quot;,&quot;version&quot;:&quot;45.0.1&quot;,&quot;type&quot;:&quot;theme&quot;,&quot;internalName&quot;:&quot;classic/1.0&quot;,&quot;updateURL&quot;:null,&quot;updateKey&quot;:null,&quot;optionsURL&quot;:null,&quot;optionsType&quot;:null,&quot;aboutURL&quot;:null,&quot;icons&quot;:{&quot;32&quot;:&quot;icon.png&quot;,&quot;48&quot;:&quot;icon.png&quot;},&quot;iconURL&quot;:null,&quot;icon64URL&quot;:null,&quot;defaultLocale&quot;:{&quot;name&quot;:&quot;Default&quot;,&quot;description&quot;:&quot;The default theme.&quot;,&quot;creator&quot;:&quot;Mozilla&quot;,&quot;homepageURL&quot;:null,&quot;contributors&quot;:[&quot;Mozilla Contributors&quot;]},&quot;visible&quot;:true,&quot;active&quot;:true,&quot;userDisabled&quot;:false,&quot;appDisabled&quot;:false,&quot;descriptor&quot;:&quot;C:\\Users\\C9854448\\AppData\\Local\\Mozilla Firefox\\browser\\extensions\\{972ce4c6-7e08-4474-a285-3208198ce6fd}.xpi&quot;,&quot;installDate&quot;:1458654229640,&quot;updateDate&quot;:1458654229640,&quot;applyBackgroundUpdates&quot;:1,&quot;skinnable&quot;:true,&quot;size&quot;:22012,&quot;sourceURI&quot;:null,&quot;releaseNotesURI&quot;:null,&quot;softDisabled&quot;:false,&quot;foreignInstall&quot;:false,&quot;hasBinaryComponents&quot;:false,&quot;strictCompatibility&quot;:true,&quot;locales&quot;:[],&quot;targetApplications&quot;:[{&quot;id&quot;:&quot;{ec8030f7-c20a-464f-9b0e-13a3a9e97384}&quot;,&quot;minVersion&quot;:&quot;45.0.1&quot;,&quot;maxVersion&quot;:&quot;45.0.1&quot;}],&quot;targetPlatforms&quot;:[],&quot;seen&quot;:true}
1459349912469	addons.xpi	DEBUG	getModTime: Recursive scan of {972ce4c6-7e08-4474-a285-3208198ce6fd}
1459349912471	DeferredSave.extensions.json	DEBUG	Save changes
1459349912471	addons.xpi	DEBUG	Updating database with changes to installed add-ons
1459349912471	addons.xpi-utils	DEBUG	Updating add-on states
1459349912472	addons.xpi-utils	DEBUG	Writing add-ons list
1459349912542	addons.xpi	DEBUG	Registering manifest for C:\Users\C9854448\AppData\Local\Mozilla Firefox\browser\features\loop@mozilla.org.xpi
1459349912543	addons.xpi	DEBUG	Calling bootstrap method startup on loop@mozilla.org version 0.1
1459349912557	addons.manager	DEBUG	Starting provider: &lt;unnamed-provider&gt;
1459349912558	addons.manager	DEBUG	Registering shutdown blocker for &lt;unnamed-provider&gt;
1459349912558	addons.manager	DEBUG	Provider finished startup: &lt;unnamed-provider&gt;
1459349912575	addons.manager	DEBUG	Registering shutdown blocker for XPIProvider
1459349912575	addons.manager	DEBUG	Provider finished startup: XPIProvider
1459349912575	addons.manager	DEBUG	Starting provider: LightweightThemeManager
1459349912576	addons.manager	DEBUG	Registering shutdown blocker for LightweightThemeManager
1459349912576	addons.manager	DEBUG	Provider finished startup: LightweightThemeManager
1459349912576	addons.manager	DEBUG	Starting provider: GMPProvider
1459349912587	addons.manager	DEBUG	Registering shutdown blocker for GMPProvider
1459349912588	addons.manager	DEBUG	Provider finished startup: GMPProvider
1459349912588	addons.manager	DEBUG	Starting provider: PluginProvider
1459349912588	addons.manager	DEBUG	Registering shutdown blocker for PluginProvider
1459349912588	addons.manager	DEBUG	Provider finished startup: PluginProvider
1459349912589	addons.manager	DEBUG	Completed startup sequence
1459349928653	DeferredSave.extensions.json	DEBUG	Write succeeded
1459349928653	addons.xpi-utils	DEBUG	XPI Database saved, setting schema version preference to 17
1459349928653	DeferredSave.extensions.json	DEBUG	Starting timer
1459349929085	DeferredSave.extensions.json	DEBUG	Starting write
1459349929104	addons.repository	DEBUG	No addons.json found.
1459349929105	DeferredSave.addons.json	DEBUG	Save changes
1459349929138	DeferredSave.addons.json	DEBUG	Starting timer

	at org.openqa.selenium.firefox.internal.NewProfileExtensionConnection.start(NewProfileExtensionConnection.java:112)
</error>

      <system-out><![CDATA[]]></system-out>

      <system-err><![CDATA[org.openqa.selenium.firefox.NotConnectedException: Unable to connect to host 127.0.0.1 on port 7056 after 45000 ms. Firefox console output:
x One-Click Meeting","creator":"Cisco WebEx","homepageURL":"http://www.webex.com/"},"visible":true,"active":false,"userDisabled":true,"appDisabled":false,"descriptor":"C:\\Program Files\\WebEx\\Productivity Tools","installDate":1445326277673,"updateDate":1445326277673,"applyBackgroundUpdates":1,"bootstrap":false,"skinnable":false,"size":31568737,"sourceURI":null,"releaseNotesURI":null,"softDisabled":false,"foreignInstall":true,"hasBinaryComponents":true,"strictCompatibility":false,"locales":[],"targetApplications":[{"id":"{ec8030f7-c20a-464f-9b0e-13a3a9e97384}","minVersion":"1.0+","maxVersion":"99.*.*.*"}],"targetPlatforms":[],"multiprocessCompatible":false,"signedState":0,"seen":true}
1459349912469	addons.xpi	DEBUG	Updating XPIState for {"id":"{972ce4c6-7e08-4474-a285-3208198ce6fd}","syncGUID":"Bu-oAuLtKKwr","location":"app-global","version":"45.0.1","type":"theme","internalName":"classic/1.0","updateURL":null,"updateKey":null,"optionsURL":null,"optionsType":null,"aboutURL":null,"icons":{"32":"icon.png","48":"icon.png"},"iconURL":null,"icon64URL":null,"defaultLocale":{"name":"Default","description":"The default theme.","creator":"Mozilla","homepageURL":null,"contributors":["Mozilla Contributors"]},"visible":true,"active":true,"userDisabled":false,"appDisabled":false,"descriptor":"C:\\Users\\C9854448\\AppData\\Local\\Mozilla Firefox\\browser\\extensions\\{972ce4c6-7e08-4474-a285-3208198ce6fd}.xpi","installDate":1458654229640,"updateDate":1458654229640,"applyBackgroundUpdates":1,"skinnable":true,"size":22012,"sourceURI":null,"releaseNotesURI":null,"softDisabled":false,"foreignInstall":false,"hasBinaryComponents":false,"strictCompatibility":true,"locales":[],"targetApplications":[{"id":"{ec8030f7-c20a-464f-9b0e-13a3a9e97384}","minVersion":"45.0.1","maxVersion":"45.0.1"}],"targetPlatforms":[],"seen":true}
1459349912469	addons.xpi	DEBUG	getModTime: Recursive scan of {972ce4c6-7e08-4474-a285-3208198ce6fd}
1459349912471	DeferredSave.extensions.json	DEBUG	Save changes
1459349912471	addons.xpi	DEBUG	Updating database with changes to installed add-ons
1459349912471	addons.xpi-utils	DEBUG	Updating add-on states
1459349912472	addons.xpi-utils	DEBUG	Writing add-ons list
1459349912542	addons.xpi	DEBUG	Registering manifest for C:\Users\C9854448\AppData\Local\Mozilla Firefox\browser\features\loop@mozilla.org.xpi
1459349912543	addons.xpi	DEBUG	Calling bootstrap method startup on loop@mozilla.org version 0.1
1459349912557	addons.manager	DEBUG	Starting provider: <unnamed-provider>
1459349912558	addons.manager	DEBUG	Registering shutdown blocker for <unnamed-provider>
1459349912558	addons.manager	DEBUG	Provider finished startup: <unnamed-provider>
1459349912575	addons.manager	DEBUG	Registering shutdown blocker for XPIProvider
1459349912575	addons.manager	DEBUG	Provider finished startup: XPIProvider
1459349912575	addons.manager	DEBUG	Starting provider: LightweightThemeManager
1459349912576	addons.manager	DEBUG	Registering shutdown blocker for LightweightThemeManager
1459349912576	addons.manager	DEBUG	Provider finished startup: LightweightThemeManager
1459349912576	addons.manager	DEBUG	Starting provider: GMPProvider
1459349912587	addons.manager	DEBUG	Registering shutdown blocker for GMPProvider
1459349912588	addons.manager	DEBUG	Provider finished startup: GMPProvider
1459349912588	addons.manager	DEBUG	Starting provider: PluginProvider
1459349912588	addons.manager	DEBUG	Registering shutdown blocker for PluginProvider
1459349912588	addons.manager	DEBUG	Provider finished startup: PluginProvider
1459349912589	addons.manager	DEBUG	Completed startup sequence
1459349928653	DeferredSave.extensions.json	DEBUG	Write succeeded
1459349928653	addons.xpi-utils	DEBUG	XPI Database saved, setting schema version preference to 17
1459349928653	DeferredSave.extensions.json	DEBUG	Starting timer
1459349929085	DeferredSave.extensions.json	DEBUG	Starting write
1459349929104	addons.repository	DEBUG	No addons.json found.
1459349929105	DeferredSave.addons.json	DEBUG	Save changes
1459349929138	DeferredSave.addons.json	DEBUG	Starting timer

	at org.openqa.selenium.firefox.internal.NewProfileExtensionConnection.start(NewProfileExtensionConnection.java:112)
	at org.openqa.selenium.firefox.FirefoxDriver.startClient(FirefoxDriver.java:271)
	at org.openqa.selenium.remote.RemoteWebDriver.<init>(RemoteWebDriver.java:119)
	at org.openqa.selenium.firefox.FirefoxDriver.<init>(FirefoxDriver.java:218)
	at org.openqa.selenium.firefox.FirefoxDriver.<init>(FirefoxDriver.java:211)
	at org.openqa.selenium.firefox.FirefoxDriver.<init>(FirefoxDriver.java:207)
	at org.openqa.selenium.firefox.FirefoxDriver.<init>(FirefoxDriver.java:120)
	at AIRBUBS_XLAS_JENKINS.CourseCatalog.CourseCatalogTemplate.<clinit>(CourseCatalogTemplate.java:13)
	at java.lang.Class.forName0(Native Method)
	at java.lang.Class.forName(Unknown Source)
	at org.apache.tools.ant.taskdefs.optional.junit.JUnitTestRunner.run(JUnitTestRunner.java:374)
	at org.apache.tools.ant.taskdefs.optional.junit.JUnitTestRunner.launch(JUnitTestRunner.java:1060)
	at org.apache.tools.ant.taskdefs.optional.junit.JUnitTestRunner.main(JUnitTestRunner.java:911)
]]></system-err>

  </testsuite>
  <testsuite errors="1" failures="0" hostname="S4KYDP6" id="9" name="SessionCatalogCompleted" package="AIRBUBS_XLAS_JENKINS.SessionCatalog" tests="1" time="0.0" timestamp="2016-03-30T14:48:47">
      <properties>
[...]
</properties>

      <error type="java.lang.ExceptionInInitializerError">java.lang.ExceptionInInitializerError
	at java.lang.Class.forName0(Native Method)
	at java.lang.Class.forName(Class.java:264)
Caused by: org.openqa.selenium.WebDriverException: Failed to connect to binary FirefoxBinary(C:\Users\C9854448\AppData\Local\Mozilla Firefox\firefox.exe) on port 7056; process output follows: 

Build info: version: &apos;2.52.0&apos;, revision: &apos;4c2593c&apos;, time: &apos;2016-02-11 19:03:33&apos;
System info: host: &apos;S4KYDP6&apos;, ip: &apos;172.30.223.134&apos;, os.name: &apos;Windows 7&apos;, os.arch: &apos;x86&apos;, os.version: &apos;6.1&apos;, java.version: &apos;1.8.0_74&apos;
Driver info: driver.version: FirefoxDriver
	at org.openqa.selenium.firefox.internal.NewProfileExtensionConnection.start(NewProfileExtensionConnection.java:124)
	at org.openqa.selenium.firefox.FirefoxDriver.startClient(FirefoxDriver.java:271)
	at org.openqa.selenium.remote.RemoteWebDriver.&lt;init&gt;(RemoteWebDriver.java:119)
	at org.openqa.selenium.firefox.FirefoxDriver.&lt;init&gt;(FirefoxDriver.java:218)
	at org.openqa.selenium.firefox.FirefoxDriver.&lt;init&gt;(FirefoxDriver.java:211)
	at org.openqa.selenium.firefox.FirefoxDriver.&lt;init&gt;(FirefoxDriver.java:207)
	at org.openqa.selenium.firefox.FirefoxDriver.&lt;init&gt;(FirefoxDriver.java:120)
	at AIRBUBS_XLAS_JENKINS.CourseCatalog.CourseCatalogTemplate.&lt;clinit&gt;(CourseCatalogTemplate.java:13)
Caused by: org.openqa.selenium.firefox.NotConnectedException: Unable to connect to host 127.0.0.1 on port 7056 after 45000 ms. Firefox console output:

	at org.openqa.selenium.firefox.internal.NewProfileExtensionConnection.start(NewProfileExtensionConnection.java:112)
</error>

      <system-out><![CDATA[]]></system-out>

      <system-err><![CDATA[org.openqa.selenium.firefox.NotConnectedException: Unable to connect to host 127.0.0.1 on port 7056 after 45000 ms. Firefox console output:

	at org.openqa.selenium.firefox.internal.NewProfileExtensionConnection.start(NewProfileExtensionConnection.java:112)
	at org.openqa.selenium.firefox.FirefoxDriver.startClient(FirefoxDriver.java:271)
	at org.openqa.selenium.remote.RemoteWebDriver.<init>(RemoteWebDriver.java:119)
	at org.openqa.selenium.firefox.FirefoxDriver.<init>(FirefoxDriver.java:218)
	at org.openqa.selenium.firefox.FirefoxDriver.<init>(FirefoxDriver.java:211)
	at org.openqa.selenium.firefox.FirefoxDriver.<init>(FirefoxDriver.java:207)
	at org.openqa.selenium.firefox.FirefoxDriver.<init>(FirefoxDriver.java:120)
	at AIRBUBS_XLAS_JENKINS.CourseCatalog.CourseCatalogTemplate.<clinit>(CourseCatalogTemplate.java:13)
	at java.lang.Class.forName0(Native Method)
	at java.lang.Class.forName(Class.java:264)
	at org.apache.tools.ant.taskdefs.optional.junit.JUnitTestRunner.run(JUnitTestRunner.java:374)
	at org.apache.tools.ant.taskdefs.optional.junit.JUnitTestRunner.launch(JUnitTestRunner.java:1060)
	at org.apache.tools.ant.taskdefs.optional.junit.JUnitTestRunner.main(JUnitTestRunner.java:911)
]]></system-err>

  </testsuite>
  <testsuite errors="0" failures="0" hostname="S4KYDP6" id="10" name="SessionModificationRequest" package="AIRBUBS_XLAS_JENKINS.SessionCatalog" tests="1" time="371.072" timestamp="2016-03-30T13:44:41">
      <properties>
[...]
</properties>

      <testcase classname="AIRBUBS_XLAS_JENKINS.SessionCatalog.SessionModificationRequest" name="SessionModificationRequestCreation" time="371.021" />

      <system-out><![CDATA[REQUESTS-7614 Session Modification Request has been created and sent to Completed, Pending for Synchronization
]]></system-out>

      <system-err><![CDATA[]]></system-err>

  </testsuite>
  <testsuite errors="0" failures="0" hostname="S4KYDP6" id="11" name="SessionRegularisationgRequest" package="AIRBUBS_XLAS_JENKINS.SessioneLearningRegularisationRequest" tests="1" time="74.321" timestamp="2016-03-30T13:01:16">
      <properties>
[...]
</properties>

      <testcase classname="AIRBUBS_XLAS_JENKINS.SessioneLearningRegularisationRequest.SessionRegularisationgRequest" name="SessioneRegularisationCreation" time="74.273" />

      <system-out><![CDATA[REQUESTS-7613 Session Regularisation Request has been created and sent to Completed
]]></system-out>

      <system-err><![CDATA[]]></system-err>

  </testsuite>
  <testsuite errors="1" failures="0" hostname="S4KYDP6" id="12" name="SessioneeLearninRequest" package="AIRBUBS_XLAS_JENKINS.SessioneLearningRegularisationRequest" tests="1" time="0.0" timestamp="2016-03-30T14:50:55">
      <properties>
[...]
</properties>

      <error type="java.lang.ExceptionInInitializerError">java.lang.ExceptionInInitializerError
	at java.lang.Class.forName0(Native Method)
	at java.lang.Class.forName(Class.java:264)
Caused by: org.openqa.selenium.WebDriverException: Failed to connect to binary FirefoxBinary(C:\Users\C9854448\AppData\Local\Mozilla Firefox\firefox.exe) on port 7056; process output follows: 

Build info: version: &apos;2.52.0&apos;, revision: &apos;4c2593c&apos;, time: &apos;2016-02-11 19:03:33&apos;
System info: host: &apos;S4KYDP6&apos;, ip: &apos;172.30.223.134&apos;, os.name: &apos;Windows 7&apos;, os.arch: &apos;x86&apos;, os.version: &apos;6.1&apos;, java.version: &apos;1.8.0_74&apos;
Driver info: driver.version: FirefoxDriver
	at org.openqa.selenium.firefox.internal.NewProfileExtensionConnection.start(NewProfileExtensionConnection.java:124)
	at org.openqa.selenium.firefox.FirefoxDriver.startClient(FirefoxDriver.java:271)
	at org.openqa.selenium.remote.RemoteWebDriver.&lt;init&gt;(RemoteWebDriver.java:119)
	at org.openqa.selenium.firefox.FirefoxDriver.&lt;init&gt;(FirefoxDriver.java:218)
	at org.openqa.selenium.firefox.FirefoxDriver.&lt;init&gt;(FirefoxDriver.java:211)
	at org.openqa.selenium.firefox.FirefoxDriver.&lt;init&gt;(FirefoxDriver.java:207)
	at org.openqa.selenium.firefox.FirefoxDriver.&lt;init&gt;(FirefoxDriver.java:120)
	at AIRBUBS_XLAS_JENKINS.CourseCatalog.CourseCatalogTemplate.&lt;clinit&gt;(CourseCatalogTemplate.java:13)
Caused by: org.openqa.selenium.firefox.NotConnectedException: Unable to connect to host 127.0.0.1 on port 7056 after 45000 ms. Firefox console output:

	at org.openqa.selenium.firefox.internal.NewProfileExtensionConnection.start(NewProfileExtensionConnection.java:112)
</error>

      <system-out><![CDATA[]]></system-out>

      <system-err><![CDATA[org.openqa.selenium.firefox.NotConnectedException: Unable to connect to host 127.0.0.1 on port 7056 after 45000 ms. Firefox console output:

	at org.openqa.selenium.firefox.internal.NewProfileExtensionConnection.start(NewProfileExtensionConnection.java:112)
	at org.openqa.selenium.firefox.FirefoxDriver.startClient(FirefoxDriver.java:271)
	at org.openqa.selenium.remote.RemoteWebDriver.<init>(RemoteWebDriver.java:119)
	at org.openqa.selenium.firefox.FirefoxDriver.<init>(FirefoxDriver.java:218)
	at org.openqa.selenium.firefox.FirefoxDriver.<init>(FirefoxDriver.java:211)
	at org.openqa.selenium.firefox.FirefoxDriver.<init>(FirefoxDriver.java:207)
	at org.openqa.selenium.firefox.FirefoxDriver.<init>(FirefoxDriver.java:120)
	at AIRBUBS_XLAS_JENKINS.CourseCatalog.CourseCatalogTemplate.<clinit>(CourseCatalogTemplate.java:13)
	at java.lang.Class.forName0(Native Method)
	at java.lang.Class.forName(Class.java:264)
	at org.apache.tools.ant.taskdefs.optional.junit.JUnitTestRunner.run(JUnitTestRunner.java:374)
	at org.apache.tools.ant.taskdefs.optional.junit.JUnitTestRunner.launch(JUnitTestRunner.java:1060)
	at org.apache.tools.ant.taskdefs.optional.junit.JUnitTestRunner.main(JUnitTestRunner.java:911)
]]></system-err>

  </testsuite>
  <testsuite errors="1" failures="0" hostname="S4KYDP6" id="13" name="DeliveryDataCourseCatalog" package="CourseCatalog" tests="1" time="0.0" timestamp="2016-03-29T14:49:07">
      <properties>
[...]
</properties>

      <error message="CourseCatalog.DeliveryDataCourseCatalog" type="java.lang.ClassNotFoundException">java.lang.ClassNotFoundException: CourseCatalog.DeliveryDataCourseCatalog
	at java.net.URLClassLoader.findClass(URLClassLoader.java:381)
	at java.lang.ClassLoader.loadClass(ClassLoader.java:424)
	at sun.misc.Launcher$AppClassLoader.loadClass(Launcher.java:331)
	at java.lang.ClassLoader.loadClass(ClassLoader.java:357)
	at java.lang.Class.forName0(Native Method)
	at java.lang.Class.forName(Class.java:264)
</error>

      <system-out><![CDATA[]]></system-out>

      <system-err><![CDATA[]]></system-err>

  </testsuite>
  <testsuite errors="1" failures="0" hostname="S4KYDP6" id="14" name="UrgentCourseCatalog" package="CourseCatalog" tests="1" time="0.0" timestamp="2016-03-29T12:28:16">
      <properties>
[...]
</properties>

      <error message="CourseCatalog.UrgentCourseCatalog" type="java.lang.ClassNotFoundException">java.lang.ClassNotFoundException: CourseCatalog.UrgentCourseCatalog
	at java.net.URLClassLoader.findClass(URLClassLoader.java:381)
	at java.lang.ClassLoader.loadClass(ClassLoader.java:424)
	at sun.misc.Launcher$AppClassLoader.loadClass(Launcher.java:331)
	at java.lang.ClassLoader.loadClass(ClassLoader.java:357)
	at java.lang.Class.forName0(Native Method)
	at java.lang.Class.forName(Class.java:264)
</error>

      <system-out><![CDATA[]]></system-out>

      <system-err><![CDATA[]]></system-err>

  </testsuite>
  <testsuite errors="1" failures="0" hostname="S4KYDP6" id="15" name="ValidationCourseCatalog" package="CourseCatalog" tests="1" time="0.219" timestamp="2016-03-29T14:57:06">
      <properties>
[...]
</properties>

      <testcase classname="CourseCatalog.ValidationCourseCatalog" name="ValidationCourse" time="0.0">
          <error message="Unresolved compilation problem: &#xa;&#x9;The declared package &quot;AIRBUBS_XLAS_JENKINS.CourseCatalog&quot; does not match the expected package &quot;CourseCatalog&quot;&#xa;" type="java.lang.Error">java.lang.Error: Unresolved compilation problem: 
	The declared package &quot;AIRBUBS_XLAS_JENKINS.CourseCatalog&quot; does not match the expected package &quot;CourseCatalog&quot;

	at CourseCatalog.ValidationCourseCatalog.&lt;init&gt;(ValidationCourseCatalog.java:1)
	at java.lang.reflect.Constructor.newInstance(Constructor.java:423)
</error>

      </testcase>

      <system-out><![CDATA[]]></system-out>

      <system-err><![CDATA[]]></system-err>

  </testsuite>
  <testsuite errors="1" failures="0" hostname="S4KYDP6" id="16" name="StandardCourseModificationRequest" package="CourseModificationRequest" tests="1" time="0.0" timestamp="2016-03-29T12:23:38">
      <properties>
[...]
</properties>

      <error type="java.lang.ExceptionInInitializerError">java.lang.ExceptionInInitializerError
	at java.lang.Class.forName0(Native Method)
	at java.lang.Class.forName(Class.java:264)
Caused by: org.openqa.selenium.WebDriverException: Failed to connect to binary FirefoxBinary(C:\Users\C9854448\AppData\Local\Mozilla Firefox\firefox.exe) on port 7055; process output follows: 
a.org&quot;,&quot;syncGUID&quot;:&quot;C03t9z5Guieq&quot;,&quot;location&quot;:&quot;app-system-defaults&quot;,&quot;version&quot;:&quot;0.1&quot;,&quot;type&quot;:&quot;extension&quot;,&quot;internalName&quot;:null,&quot;updateURL&quot;:null,&quot;updateKey&quot;:null,&quot;optionsURL&quot;:null,&quot;optionsType&quot;:null,&quot;aboutURL&quot;:null,&quot;icons&quot;:{},&quot;iconURL&quot;:null,&quot;icon64URL&quot;:null,&quot;defaultLocale&quot;:{&quot;name&quot;:&quot;Firefox Hello Beta&quot;,&quot;description&quot;:&quot;Web sharing for Firefox&quot;,&quot;creator&quot;:&quot;Mozilla&quot;,&quot;homepageURL&quot;:null},&quot;visible&quot;:true,&quot;active&quot;:true,&quot;userDisabled&quot;:false,&quot;appDisabled&quot;:false,&quot;descriptor&quot;:&quot;C:\\Users\\C9854448\\AppData\\Local\\Mozilla Firefox\\browser\\features\\loop@mozilla.org.xpi&quot;,&quot;installDate&quot;:1458654229640,&quot;updateDate&quot;:1458654229640,&quot;applyBackgroundUpdates&quot;:1,&quot;bootstrap&quot;:true,&quot;skinnable&quot;:false,&quot;size&quot;:3086127,&quot;sourceURI&quot;:null,&quot;releaseNotesURI&quot;:null,&quot;softDisabled&quot;:false,&quot;foreignInstall&quot;:false,&quot;hasBinaryComponents&quot;:false,&quot;strictCompatibility&quot;:false,&quot;locales&quot;:[],&quot;targetApplications&quot;:[{&quot;id&quot;:&quot;{ec8030f7-c20a-464f-9b0e-13a3a9e97384}&quot;,&quot;minVersion&quot;:&quot;45.0a1&quot;,&quot;maxVersion&quot;:&quot;45.0.1&quot;},{&quot;id&quot;:&quot;xpcshell@tests.mozilla.org&quot;,&quot;minVersion&quot;:&quot;0&quot;,&quot;maxVersion&quot;:&quot;10&quot;}],&quot;targetPlatforms&quot;:[],&quot;multiprocessCompatible&quot;:false,&quot;seen&quot;:true}
1459254203868	addons.xpi	DEBUG	getModTime: Recursive scan of loop@mozilla.org
1459254203869	addons.xpi	DEBUG	Updating XPIState for {&quot;id&quot;:&quot;{972ce4c6-7e08-4474-a285-3208198ce6fd}&quot;,&quot;syncGUID&quot;:&quot;jNYZjVr5uCSl&quot;,&quot;location&quot;:&quot;app-global&quot;,&quot;version&quot;:&quot;45.0.1&quot;,&quot;type&quot;:&quot;theme&quot;,&quot;internalName&quot;:&quot;classic/1.0&quot;,&quot;updateURL&quot;:null,&quot;updateKey&quot;:null,&quot;optionsURL&quot;:null,&quot;optionsType&quot;:null,&quot;aboutURL&quot;:null,&quot;icons&quot;:{&quot;32&quot;:&quot;icon.png&quot;,&quot;48&quot;:&quot;icon.png&quot;},&quot;iconURL&quot;:null,&quot;icon64URL&quot;:null,&quot;defaultLocale&quot;:{&quot;name&quot;:&quot;Default&quot;,&quot;description&quot;:&quot;The default theme.&quot;,&quot;creator&quot;:&quot;Mozilla&quot;,&quot;homepageURL&quot;:null,&quot;contributors&quot;:[&quot;Mozilla Contributors&quot;]},&quot;visible&quot;:true,&quot;active&quot;:true,&quot;userDisabled&quot;:false,&quot;appDisabled&quot;:false,&quot;descriptor&quot;:&quot;C:\\Users\\C9854448\\AppData\\Local\\Mozilla Firefox\\browser\\extensions\\{972ce4c6-7e08-4474-a285-3208198ce6fd}.xpi&quot;,&quot;installDate&quot;:1458654229640,&quot;updateDate&quot;:1458654229640,&quot;applyBackgroundUpdates&quot;:1,&quot;skinnable&quot;:true,&quot;size&quot;:22012,&quot;sourceURI&quot;:null,&quot;releaseNotesURI&quot;:null,&quot;softDisabled&quot;:false,&quot;foreignInstall&quot;:false,&quot;hasBinaryComponents&quot;:false,&quot;strictCompatibility&quot;:true,&quot;locales&quot;:[],&quot;targetApplications&quot;:[{&quot;id&quot;:&quot;{ec8030f7-c20a-464f-9b0e-13a3a9e97384}&quot;,&quot;minVersion&quot;:&quot;45.0.1&quot;,&quot;maxVersion&quot;:&quot;45.0.1&quot;}],&quot;targetPlatforms&quot;:[],&quot;seen&quot;:true}
1459254203869	addons.xpi	DEBUG	getModTime: Recursive scan of {972ce4c6-7e08-4474-a285-3208198ce6fd}
1459254203871	DeferredSave.extensions.json	DEBUG	Save changes
1459254203871	addons.xpi	DEBUG	Updating database with changes to installed add-ons
1459254203871	addons.xpi-utils	DEBUG	Updating add-on states
1459254203872	addons.xpi-utils	DEBUG	Writing add-ons list
1459254203934	addons.xpi	DEBUG	Registering manifest for C:\Users\C9854448\AppData\Local\Mozilla Firefox\browser\features\loop@mozilla.org.xpi
1459254203936	addons.xpi	DEBUG	Calling bootstrap method startup on loop@mozilla.org version 0.1
1459254204041	addons.manager	DEBUG	Starting provider: &lt;unnamed-provider&gt;
1459254204041	addons.manager	DEBUG	Registering shutdown blocker for &lt;unnamed-provider&gt;
1459254204042	addons.manager	DEBUG	Provider finished startup: &lt;unnamed-provider&gt;
1459254204114	addons.manager	DEBUG	Registering shutdown blocker for XPIProvider
1459254204114	addons.manager	DEBUG	Provider finished startup: XPIProvider
1459254204114	addons.manager	DEBUG	Starting provider: LightweightThemeManager
1459254204114	addons.manager	DEBUG	Registering shutdown blocker for LightweightThemeManager
1459254204115	addons.manager	DEBUG	Provider finished startup: LightweightThemeManager
1459254204115	addons.manager	DEBUG	Starting provider: GMPProvider
1459254204123	addons.manager	DEBUG	Registering shutdown blocker for GMPProvider
1459254204124	addons.manager	DEBUG	Provider finished startup: GMPProvider
1459254204124	addons.manager	DEBUG	Starting provider: PluginProvider
1459254204124	addons.manager	DEBUG	Registering shutdown blocker for PluginProvider
1459254204124	addons.manager	DEBUG	Provider finished startup: PluginProvider
1459254204124	addons.manager	DEBUG	Completed startup sequence

Build info: version: &apos;2.52.0&apos;, revision: &apos;4c2593c&apos;, time: &apos;2016-02-11 19:06:42&apos;
System info: host: &apos;S4KYDP6&apos;, ip: &apos;172.30.223.46&apos;, os.name: &apos;Windows 7&apos;, os.arch: &apos;x86&apos;, os.version: &apos;6.1&apos;, java.version: &apos;1.8.0_74&apos;
Driver info: driver.version: FirefoxDriver
	at org.openqa.selenium.firefox.internal.NewProfileExtensionConnection.start(NewProfileExtensionConnection.java:124)
	at org.openqa.selenium.firefox.FirefoxDriver.startClient(FirefoxDriver.java:271)
	at org.openqa.selenium.remote.RemoteWebDriver.&lt;init&gt;(RemoteWebDriver.java:119)
	at org.openqa.selenium.firefox.FirefoxDriver.&lt;init&gt;(FirefoxDriver.java:218)
	at org.openqa.selenium.firefox.FirefoxDriver.&lt;init&gt;(FirefoxDriver.java:211)
	at org.openqa.selenium.firefox.FirefoxDriver.&lt;init&gt;(FirefoxDriver.java:207)
	at org.openqa.selenium.firefox.FirefoxDriver.&lt;init&gt;(FirefoxDriver.java:120)
	at AIRBUBS_XLAS_JENKINS.CourseCatalog.CourseCatalogTemplate.&lt;clinit&gt;(CourseCatalogTemplate.java:13)
Caused by: org.openqa.selenium.firefox.NotConnectedException: Unable to connect to host 127.0.0.1 on port 7055 after 45000 ms. Firefox console output:
a.org&quot;,&quot;syncGUID&quot;:&quot;C03t9z5Guieq&quot;,&quot;location&quot;:&quot;app-system-defaults&quot;,&quot;version&quot;:&quot;0.1&quot;,&quot;type&quot;:&quot;extension&quot;,&quot;internalName&quot;:null,&quot;updateURL&quot;:null,&quot;updateKey&quot;:null,&quot;optionsURL&quot;:null,&quot;optionsType&quot;:null,&quot;aboutURL&quot;:null,&quot;icons&quot;:{},&quot;iconURL&quot;:null,&quot;icon64URL&quot;:null,&quot;defaultLocale&quot;:{&quot;name&quot;:&quot;Firefox Hello Beta&quot;,&quot;description&quot;:&quot;Web sharing for Firefox&quot;,&quot;creator&quot;:&quot;Mozilla&quot;,&quot;homepageURL&quot;:null},&quot;visible&quot;:true,&quot;active&quot;:true,&quot;userDisabled&quot;:false,&quot;appDisabled&quot;:false,&quot;descriptor&quot;:&quot;C:\\Users\\C9854448\\AppData\\Local\\Mozilla Firefox\\browser\\features\\loop@mozilla.org.xpi&quot;,&quot;installDate&quot;:1458654229640,&quot;updateDate&quot;:1458654229640,&quot;applyBackgroundUpdates&quot;:1,&quot;bootstrap&quot;:true,&quot;skinnable&quot;:false,&quot;size&quot;:3086127,&quot;sourceURI&quot;:null,&quot;releaseNotesURI&quot;:null,&quot;softDisabled&quot;:false,&quot;foreignInstall&quot;:false,&quot;hasBinaryComponents&quot;:false,&quot;strictCompatibility&quot;:false,&quot;locales&quot;:[],&quot;targetApplications&quot;:[{&quot;id&quot;:&quot;{ec8030f7-c20a-464f-9b0e-13a3a9e97384}&quot;,&quot;minVersion&quot;:&quot;45.0a1&quot;,&quot;maxVersion&quot;:&quot;45.0.1&quot;},{&quot;id&quot;:&quot;xpcshell@tests.mozilla.org&quot;,&quot;minVersion&quot;:&quot;0&quot;,&quot;maxVersion&quot;:&quot;10&quot;}],&quot;targetPlatforms&quot;:[],&quot;multiprocessCompatible&quot;:false,&quot;seen&quot;:true}
1459254203868	addons.xpi	DEBUG	getModTime: Recursive scan of loop@mozilla.org
1459254203869	addons.xpi	DEBUG	Updating XPIState for {&quot;id&quot;:&quot;{972ce4c6-7e08-4474-a285-3208198ce6fd}&quot;,&quot;syncGUID&quot;:&quot;jNYZjVr5uCSl&quot;,&quot;location&quot;:&quot;app-global&quot;,&quot;version&quot;:&quot;45.0.1&quot;,&quot;type&quot;:&quot;theme&quot;,&quot;internalName&quot;:&quot;classic/1.0&quot;,&quot;updateURL&quot;:null,&quot;updateKey&quot;:null,&quot;optionsURL&quot;:null,&quot;optionsType&quot;:null,&quot;aboutURL&quot;:null,&quot;icons&quot;:{&quot;32&quot;:&quot;icon.png&quot;,&quot;48&quot;:&quot;icon.png&quot;},&quot;iconURL&quot;:null,&quot;icon64URL&quot;:null,&quot;defaultLocale&quot;:{&quot;name&quot;:&quot;Default&quot;,&quot;description&quot;:&quot;The default theme.&quot;,&quot;creator&quot;:&quot;Mozilla&quot;,&quot;homepageURL&quot;:null,&quot;contributors&quot;:[&quot;Mozilla Contributors&quot;]},&quot;visible&quot;:true,&quot;active&quot;:true,&quot;userDisabled&quot;:false,&quot;appDisabled&quot;:false,&quot;descriptor&quot;:&quot;C:\\Users\\C9854448\\AppData\\Local\\Mozilla Firefox\\browser\\extensions\\{972ce4c6-7e08-4474-a285-3208198ce6fd}.xpi&quot;,&quot;installDate&quot;:1458654229640,&quot;updateDate&quot;:1458654229640,&quot;applyBackgroundUpdates&quot;:1,&quot;skinnable&quot;:true,&quot;size&quot;:22012,&quot;sourceURI&quot;:null,&quot;releaseNotesURI&quot;:null,&quot;softDisabled&quot;:false,&quot;foreignInstall&quot;:false,&quot;hasBinaryComponents&quot;:false,&quot;strictCompatibility&quot;:true,&quot;locales&quot;:[],&quot;targetApplications&quot;:[{&quot;id&quot;:&quot;{ec8030f7-c20a-464f-9b0e-13a3a9e97384}&quot;,&quot;minVersion&quot;:&quot;45.0.1&quot;,&quot;maxVersion&quot;:&quot;45.0.1&quot;}],&quot;targetPlatforms&quot;:[],&quot;seen&quot;:true}
1459254203869	addons.xpi	DEBUG	getModTime: Recursive scan of {972ce4c6-7e08-4474-a285-3208198ce6fd}
1459254203871	DeferredSave.extensions.json	DEBUG	Save changes
1459254203871	addons.xpi	DEBUG	Updating database with changes to installed add-ons
1459254203871	addons.xpi-utils	DEBUG	Updating add-on states
1459254203872	addons.xpi-utils	DEBUG	Writing add-ons list
1459254203934	addons.xpi	DEBUG	Registering manifest for C:\Users\C9854448\AppData\Local\Mozilla Firefox\browser\features\loop@mozilla.org.xpi
1459254203936	addons.xpi	DEBUG	Calling bootstrap method startup on loop@mozilla.org version 0.1
1459254204041	addons.manager	DEBUG	Starting provider: &lt;unnamed-provider&gt;
1459254204041	addons.manager	DEBUG	Registering shutdown blocker for &lt;unnamed-provider&gt;
1459254204042	addons.manager	DEBUG	Provider finished startup: &lt;unnamed-provider&gt;
1459254204114	addons.manager	DEBUG	Registering shutdown blocker for XPIProvider
1459254204114	addons.manager	DEBUG	Provider finished startup: XPIProvider
1459254204114	addons.manager	DEBUG	Starting provider: LightweightThemeManager
1459254204114	addons.manager	DEBUG	Registering shutdown blocker for LightweightThemeManager
1459254204115	addons.manager	DEBUG	Provider finished startup: LightweightThemeManager
1459254204115	addons.manager	DEBUG	Starting provider: GMPProvider
1459254204123	addons.manager	DEBUG	Registering shutdown blocker for GMPProvider
1459254204124	addons.manager	DEBUG	Provider finished startup: GMPProvider
1459254204124	addons.manager	DEBUG	Starting provider: PluginProvider
1459254204124	addons.manager	DEBUG	Registering shutdown blocker for PluginProvider
1459254204124	addons.manager	DEBUG	Provider finished startup: PluginProvider
1459254204124	addons.manager	DEBUG	Completed startup sequence

	at org.openqa.selenium.firefox.internal.NewProfileExtensionConnection.start(NewProfileExtensionConnection.java:112)
</error>

      <system-out><![CDATA[]]></system-out>

      <system-err><![CDATA[org.openqa.selenium.firefox.NotConnectedException: Unable to connect to host 127.0.0.1 on port 7055 after 45000 ms. Firefox console output:
a.org","syncGUID":"C03t9z5Guieq","location":"app-system-defaults","version":"0.1","type":"extension","internalName":null,"updateURL":null,"updateKey":null,"optionsURL":null,"optionsType":null,"aboutURL":null,"icons":{},"iconURL":null,"icon64URL":null,"defaultLocale":{"name":"Firefox Hello Beta","description":"Web sharing for Firefox","creator":"Mozilla","homepageURL":null},"visible":true,"active":true,"userDisabled":false,"appDisabled":false,"descriptor":"C:\\Users\\C9854448\\AppData\\Local\\Mozilla Firefox\\browser\\features\\loop@mozilla.org.xpi","installDate":1458654229640,"updateDate":1458654229640,"applyBackgroundUpdates":1,"bootstrap":true,"skinnable":false,"size":3086127,"sourceURI":null,"releaseNotesURI":null,"softDisabled":false,"foreignInstall":false,"hasBinaryComponents":false,"strictCompatibility":false,"locales":[],"targetApplications":[{"id":"{ec8030f7-c20a-464f-9b0e-13a3a9e97384}","minVersion":"45.0a1","maxVersion":"45.0.1"},{"id":"xpcshell@tests.mozilla.org","minVersion":"0","maxVersion":"10"}],"targetPlatforms":[],"multiprocessCompatible":false,"seen":true}
1459254203868	addons.xpi	DEBUG	getModTime: Recursive scan of loop@mozilla.org
1459254203869	addons.xpi	DEBUG	Updating XPIState for {"id":"{972ce4c6-7e08-4474-a285-3208198ce6fd}","syncGUID":"jNYZjVr5uCSl","location":"app-global","version":"45.0.1","type":"theme","internalName":"classic/1.0","updateURL":null,"updateKey":null,"optionsURL":null,"optionsType":null,"aboutURL":null,"icons":{"32":"icon.png","48":"icon.png"},"iconURL":null,"icon64URL":null,"defaultLocale":{"name":"Default","description":"The default theme.","creator":"Mozilla","homepageURL":null,"contributors":["Mozilla Contributors"]},"visible":true,"active":true,"userDisabled":false,"appDisabled":false,"descriptor":"C:\\Users\\C9854448\\AppData\\Local\\Mozilla Firefox\\browser\\extensions\\{972ce4c6-7e08-4474-a285-3208198ce6fd}.xpi","installDate":1458654229640,"updateDate":1458654229640,"applyBackgroundUpdates":1,"skinnable":true,"size":22012,"sourceURI":null,"releaseNotesURI":null,"softDisabled":false,"foreignInstall":false,"hasBinaryComponents":false,"strictCompatibility":true,"locales":[],"targetApplications":[{"id":"{ec8030f7-c20a-464f-9b0e-13a3a9e97384}","minVersion":"45.0.1","maxVersion":"45.0.1"}],"targetPlatforms":[],"seen":true}
1459254203869	addons.xpi	DEBUG	getModTime: Recursive scan of {972ce4c6-7e08-4474-a285-3208198ce6fd}
1459254203871	DeferredSave.extensions.json	DEBUG	Save changes
1459254203871	addons.xpi	DEBUG	Updating database with changes to installed add-ons
1459254203871	addons.xpi-utils	DEBUG	Updating add-on states
1459254203872	addons.xpi-utils	DEBUG	Writing add-ons list
1459254203934	addons.xpi	DEBUG	Registering manifest for C:\Users\C9854448\AppData\Local\Mozilla Firefox\browser\features\loop@mozilla.org.xpi
1459254203936	addons.xpi	DEBUG	Calling bootstrap method startup on loop@mozilla.org version 0.1
1459254204041	addons.manager	DEBUG	Starting provider: <unnamed-provider>
1459254204041	addons.manager	DEBUG	Registering shutdown blocker for <unnamed-provider>
1459254204042	addons.manager	DEBUG	Provider finished startup: <unnamed-provider>
1459254204114	addons.manager	DEBUG	Registering shutdown blocker for XPIProvider
1459254204114	addons.manager	DEBUG	Provider finished startup: XPIProvider
1459254204114	addons.manager	DEBUG	Starting provider: LightweightThemeManager
1459254204114	addons.manager	DEBUG	Registering shutdown blocker for LightweightThemeManager
1459254204115	addons.manager	DEBUG	Provider finished startup: LightweightThemeManager
1459254204115	addons.manager	DEBUG	Starting provider: GMPProvider
1459254204123	addons.manager	DEBUG	Registering shutdown blocker for GMPProvider
1459254204124	addons.manager	DEBUG	Provider finished startup: GMPProvider
1459254204124	addons.manager	DEBUG	Starting provider: PluginProvider
1459254204124	addons.manager	DEBUG	Registering shutdown blocker for PluginProvider
1459254204124	addons.manager	DEBUG	Provider finished startup: PluginProvider
1459254204124	addons.manager	DEBUG	Completed startup sequence

	at org.openqa.selenium.firefox.internal.NewProfileExtensionConnection.start(NewProfileExtensionConnection.java:112)
	at org.openqa.selenium.firefox.FirefoxDriver.startClient(FirefoxDriver.java:271)
	at org.openqa.selenium.remote.RemoteWebDriver.<init>(RemoteWebDriver.java:119)
	at org.openqa.selenium.firefox.FirefoxDriver.<init>(FirefoxDriver.java:218)
	at org.openqa.selenium.firefox.FirefoxDriver.<init>(FirefoxDriver.java:211)
	at org.openqa.selenium.firefox.FirefoxDriver.<init>(FirefoxDriver.java:207)
	at org.openqa.selenium.firefox.FirefoxDriver.<init>(FirefoxDriver.java:120)
	at AIRBUBS_XLAS_JENKINS.CourseCatalog.CourseCatalogTemplate.<clinit>(CourseCatalogTemplate.java:13)
	at java.lang.Class.forName0(Native Method)
	at java.lang.Class.forName(Class.java:264)
	at org.apache.tools.ant.taskdefs.optional.junit.JUnitTestRunner.run(JUnitTestRunner.java:374)
	at org.apache.tools.ant.taskdefs.optional.junit.JUnitTestRunner.launch(JUnitTestRunner.java:1060)
	at org.apache.tools.ant.taskdefs.optional.junit.JUnitTestRunner.main(JUnitTestRunner.java:911)
]]></system-err>

  </testsuite>
  <testsuite errors="1" failures="0" hostname="S4KYDP6" id="17" name="ValidationCourseModificationRequest" package="CourseModificationRequest" tests="1" time="0.0" timestamp="2016-03-29T14:07:14">
      <properties>
[...]
</properties>

      <error message="CourseModificationRequest.ValidationCourseModificationRequest" type="java.lang.ClassNotFoundException">java.lang.ClassNotFoundException: CourseModificationRequest.ValidationCourseModificationRequest
	at java.net.URLClassLoader.findClass(URLClassLoader.java:381)
	at java.lang.ClassLoader.loadClass(ClassLoader.java:424)
	at sun.misc.Launcher$AppClassLoader.loadClass(Launcher.java:331)
	at java.lang.ClassLoader.loadClass(ClassLoader.java:357)
	at java.lang.Class.forName0(Native Method)
	at java.lang.Class.forName(Class.java:264)
</error>

      <system-out><![CDATA[]]></system-out>

      <system-err><![CDATA[]]></system-err>

  </testsuite>
  <testsuite errors="1" failures="0" hostname="S4KYDP6" id="18" name="SessionCatalogCancellation" package="SessionCatalog" tests="1" time="0.0" timestamp="2016-03-29T12:43:07">
      <properties>
[...]
</properties>

      <error message="SessionCatalog.SessionCatalogCancellation" type="java.lang.ClassNotFoundException">java.lang.ClassNotFoundException: SessionCatalog.SessionCatalogCancellation
	at java.net.URLClassLoader.findClass(URLClassLoader.java:381)
	at java.lang.ClassLoader.loadClass(ClassLoader.java:424)
	at sun.misc.Launcher$AppClassLoader.loadClass(Launcher.java:331)
	at java.lang.ClassLoader.loadClass(ClassLoader.java:357)
	at java.lang.Class.forName0(Native Method)
	at java.lang.Class.forName(Class.java:264)
</error>

      <system-out><![CDATA[]]></system-out>

      <system-err><![CDATA[]]></system-err>

  </testsuite>
  <testsuite errors="1" failures="0" hostname="S4KYDP6" id="19" name="SessionCatalogCompleted" package="SessionCatalog" tests="1" time="0.0" timestamp="2016-03-29T12:43:15">
      <properties>
[...]
</properties>

      <error message="SessionCatalog.SessionCatalogCompleted" type="java.lang.ClassNotFoundException">java.lang.ClassNotFoundException: SessionCatalog.SessionCatalogCompleted
	at java.net.URLClassLoader.findClass(URLClassLoader.java:381)
	at java.lang.ClassLoader.loadClass(ClassLoader.java:424)
	at sun.misc.Launcher$AppClassLoader.loadClass(Launcher.java:331)
	at java.lang.ClassLoader.loadClass(ClassLoader.java:357)
	at java.lang.Class.forName0(Native Method)
	at java.lang.Class.forName(Class.java:264)
</error>

      <system-out><![CDATA[]]></system-out>

      <system-err><![CDATA[]]></system-err>

  </testsuite>
  <testsuite errors="1" failures="0" hostname="S4KYDP6" id="20" name="SessionModificationRequest" package="SessionCatalog" tests="1" time="0.0" timestamp="2016-03-29T14:00:08">
      <properties>
[...]
</properties>

      <error message="SessionCatalog.SessionModificationRequest" type="java.lang.ClassNotFoundException">java.lang.ClassNotFoundException: SessionCatalog.SessionModificationRequest
	at java.net.URLClassLoader.findClass(URLClassLoader.java:381)
	at java.lang.ClassLoader.loadClass(ClassLoader.java:424)
	at sun.misc.Launcher$AppClassLoader.loadClass(Launcher.java:331)
	at java.lang.ClassLoader.loadClass(ClassLoader.java:357)
	at java.lang.Class.forName0(Native Method)
	at java.lang.Class.forName(Class.java:264)
</error>

      <system-out><![CDATA[]]></system-out>

      <system-err><![CDATA[]]></system-err>

  </testsuite>
  <testsuite errors="1" failures="0" hostname="S4KYDP6" id="21" name="SessionRegularisationgRequest" package="SessioneLearningRegularisationRequest" tests="1" time="0.0" timestamp="2016-03-29T14:59:05">
      <properties>
[...]
</properties>

      <error message="SessioneLearningRegularisationRequest.SessionRegularisationgRequest" type="java.lang.ClassNotFoundException">java.lang.ClassNotFoundException: SessioneLearningRegularisationRequest.SessionRegularisationgRequest
	at java.net.URLClassLoader.findClass(URLClassLoader.java:381)
	at java.lang.ClassLoader.loadClass(ClassLoader.java:424)
	at sun.misc.Launcher$AppClassLoader.loadClass(Launcher.java:331)
	at java.lang.ClassLoader.loadClass(ClassLoader.java:357)
	at java.lang.Class.forName0(Native Method)
	at java.lang.Class.forName(Class.java:264)
</error>

      <system-out><![CDATA[]]></system-out>

      <system-err><![CDATA[]]></system-err>

  </testsuite>
  <testsuite errors="1" failures="0" hostname="S4KYDP6" id="22" name="SessioneeLearninRequest" package="SessioneLearningRegularisationRequest" tests="1" time="0.0" timestamp="2016-03-29T14:46:52">
      <properties>
[...]
</properties>

      <error message="SessioneLearningRegularisationRequest.SessioneeLearninRequest" type="java.lang.ClassNotFoundException">java.lang.ClassNotFoundException: SessioneLearningRegularisationRequest.SessioneeLearninRequest
	at java.net.URLClassLoader.findClass(URLClassLoader.java:381)
	at java.lang.ClassLoader.loadClass(ClassLoader.java:424)
	at sun.misc.Launcher$AppClassLoader.loadClass(Launcher.java:331)
	at java.lang.ClassLoader.loadClass(ClassLoader.java:357)
	at java.lang.Class.forName0(Native Method)
	at java.lang.Class.forName(Class.java:264)
</error>

      <system-out><![CDATA[]]></system-out>

      <system-err><![CDATA[]]></system-err>

  </testsuite>
</testsuites>
