<?xml version="1.0" encoding="UTF-8" ?>
<testsuite errors="1" failures="0" hostname="S4KYDP6" name="AIRBUBS_XLAS_JENKINS.SessionCatalog.SessionCatalogCancellation" tests="1" time="593.472" timestamp="2016-03-30T12:35:28">
  <properties>
[...]
</properties>
  <testcase classname="AIRBUBS_XLAS_JENKINS.SessionCatalog.SessionCatalogCancellation" name="SessionCatalog" time="593.428">
    <error message="Unable to locate element: {&quot;method&quot;:&quot;id&quot;,&quot;selector&quot;:&quot;action_id_571&quot;}&#xa;Command duration or timeout: 201.09 seconds&#xa;For documentation on this error, please visit: http://seleniumhq.org/exceptions/no_such_element.html&#xa;Build info: version: &apos;2.52.0&apos;, revision: &apos;4c2593c&apos;, time: &apos;2016-02-11 19:03:33&apos;&#xa;System info: host: &apos;S4KYDP6&apos;, ip: &apos;172.30.223.134&apos;, os.name: &apos;Windows 7&apos;, os.arch: &apos;x86&apos;, os.version: &apos;6.1&apos;, java.version: &apos;1.8.0_77&apos;&#xa;Driver info: org.openqa.selenium.firefox.FirefoxDriver&#xa;Capabilities [{applicationCacheEnabled=true, rotatable=false, handlesAlerts=true, databaseEnabled=true, version=45.0.1, platform=WINDOWS, nativeEvents=false, acceptSslCerts=true, webStorageEnabled=true, locationContextEnabled=true, browserName=firefox, takesScreenshot=true, javascriptEnabled=true, cssSelectorsEnabled=true}]&#xa;Session ID: 3a1eb1a8-8b37-4b19-8b99-1d32afee7006&#xa;*** Element info: {Using=id, value=action_id_571}" type="org.openqa.selenium.NoSuchElementException">org.openqa.selenium.NoSuchElementException: Unable to locate element: {&quot;method&quot;:&quot;id&quot;,&quot;selector&quot;:&quot;action_id_571&quot;}
Command duration or timeout: 201.09 seconds
For documentation on this error, please visit: http://seleniumhq.org/exceptions/no_such_element.html
Build info: version: &apos;2.52.0&apos;, revision: &apos;4c2593c&apos;, time: &apos;2016-02-11 19:03:33&apos;
System info: host: &apos;S4KYDP6&apos;, ip: &apos;172.30.223.134&apos;, os.name: &apos;Windows 7&apos;, os.arch: &apos;x86&apos;, os.version: &apos;6.1&apos;, java.version: &apos;1.8.0_77&apos;
Driver info: org.openqa.selenium.firefox.FirefoxDriver
Capabilities [{applicationCacheEnabled=true, rotatable=false, handlesAlerts=true, databaseEnabled=true, version=45.0.1, platform=WINDOWS, nativeEvents=false, acceptSslCerts=true, webStorageEnabled=true, locationContextEnabled=true, browserName=firefox, takesScreenshot=true, javascriptEnabled=true, cssSelectorsEnabled=true}]
Session ID: 3a1eb1a8-8b37-4b19-8b99-1d32afee7006
*** Element info: {Using=id, value=action_id_571}
	at java.lang.reflect.Constructor.newInstance(Unknown Source)
	at org.openqa.selenium.remote.ErrorHandler.createThrowable(ErrorHandler.java:206)
	at org.openqa.selenium.remote.ErrorHandler.throwIfResponseFailed(ErrorHandler.java:158)
	at org.openqa.selenium.remote.RemoteWebDriver.execute(RemoteWebDriver.java:678)
	at org.openqa.selenium.remote.RemoteWebDriver.findElement(RemoteWebDriver.java:363)
	at org.openqa.selenium.remote.RemoteWebDriver.findElementById(RemoteWebDriver.java:413)
	at org.openqa.selenium.By$ById.findElement(By.java:218)
	at org.openqa.selenium.remote.RemoteWebDriver.findElement(RemoteWebDriver.java:355)
	at AIRBUBS_XLAS_JENKINS.SessionCatalog.SessionCatalogTemplate.SessionWCancellation(SessionCatalogTemplate.java:206)
	at AIRBUBS_XLAS_JENKINS.SessionCatalog.SessionCatalogTemplate.SessionCatalogExecution(SessionCatalogTemplate.java:124)
	at AIRBUBS_XLAS_JENKINS.SessionCatalog.SessionCatalogCancellation.SessionCatalog(SessionCatalogCancellation.java:51)
Caused by: org.openqa.selenium.NoSuchElementException: Unable to locate element: {&quot;method&quot;:&quot;id&quot;,&quot;selector&quot;:&quot;action_id_571&quot;}
For documentation on this error, please visit: http://seleniumhq.org/exceptions/no_such_element.html
Build info: version: &apos;2.52.0&apos;, revision: &apos;4c2593c&apos;, time: &apos;2016-02-11 19:03:33&apos;
System info: host: &apos;S4KYDP6&apos;, ip: &apos;172.30.223.134&apos;, os.name: &apos;Windows 7&apos;, os.arch: &apos;x86&apos;, os.version: &apos;6.1&apos;, java.version: &apos;1.8.0_77&apos;
Driver info: driver.version: unknown
	at &lt;anonymous class&gt;.FirefoxDriver.prototype.findElementInternal_(file:///C:/Users/C9854448/AppData/Local/Temp/anonymous7536888821807007981webdriver-profile/extensions/fxdriver@googlecode.com/components/driver-component.js:10723)
	at &lt;anonymous class&gt;.fxdriver.Timer.prototype.setTimeout/&lt;.notify(file:///C:/Users/C9854448/AppData/Local/Temp/anonymous7536888821807007981webdriver-profile/extensions/fxdriver@googlecode.com/components/driver-component.js:623)
</error>
  </testcase>
  <system-out><![CDATA[]]></system-out>
  <system-err><![CDATA[]]></system-err>
</testsuite>
